#
# There is insufficient memory for the Java Runtime Environment to continue.
# Native memory allocation (mmap) failed to map 257949696 bytes for committing reserved memory.
# Possible reasons:
#   The system is out of physical RAM or swap space
#   In 32 bit mode, the process size limit was hit
# Possible solutions:
#   Reduce memory load on the system
#   Increase physical memory or swap space
#   Check if swap backing store is full
#   Use 64 bit Java on a 64 bit OS
#   Decrease Java heap size (-Xmx/-Xms)
#   Decrease number of Java threads
#   Decrease Java thread stack sizes (-Xss)
#   Set larger code cache with -XX:ReservedCodeCacheSize=
# This output file may be truncated or incomplete.
#
#  Out of Memory Error (os_linux.cpp:2627), pid=15044, tid=140089739642624
#
# JRE version: Java(TM) SE Runtime Environment (8.0_60-b27) (build 1.8.0_60-b27)
# Java VM: Java HotSpot(TM) 64-Bit Server VM (25.60-b23 mixed mode linux-amd64 compressed oops)
# Failed to write core dump. Core dumps have been disabled. To enable core dumping, try "ulimit -c unlimited" before starting Java again
#

---------------  T H R E A D  ---------------

Current thread (0x00007f6954078800):  VMThread [stack: 0x00007f692f1b0000,0x00007f692f2b1000] [id=15056]

Stack: [0x00007f692f1b0000,0x00007f692f2b1000],  sp=0x00007f692f2af2e0,  free space=1020k
Native frames: (J=compiled Java code, j=interpreted, Vv=VM code, C=native code)
V  [libjvm.so+0xab97ea]  VMError::report_and_die()+0x2ba
V  [libjvm.so+0x4f9dab]  report_vm_out_of_memory(char const*, int, unsigned long, VMErrorType, char const*)+0x8b
V  [libjvm.so+0x91a7c3]  os::Linux::commit_memory_impl(char*, unsigned long, bool)+0x103
V  [libjvm.so+0x91ad19]  os::pd_commit_memory(char*, unsigned long, unsigned long, bool)+0x29
V  [libjvm.so+0x91502a]  os::commit_memory(char*, unsigned long, unsigned long, bool)+0x2a
V  [libjvm.so+0x9886d3]  PSVirtualSpace::expand_by(unsigned long)+0x53
V  [libjvm.so+0x989ad8]  PSYoungGen::resize_generation(unsigned long, unsigned long)+0xf8
V  [libjvm.so+0x988c32]  PSYoungGen::resize(unsigned long, unsigned long)+0x22
V  [libjvm.so+0x985f0b]  PSScavenge::invoke_no_policy()+0xf3b
V  [libjvm.so+0x986691]  PSScavenge::invoke()+0x41
V  [libjvm.so+0x93e430]  ParallelScavengeHeap::failed_mem_allocate(unsigned long)+0x70
V  [libjvm.so+0xabb207]  VM_ParallelGCFailedAllocation::doit()+0x97
V  [libjvm.so+0xac2c35]  VM_Operation::evaluate()+0x55
V  [libjvm.so+0xac100a]  VMThread::evaluate_operation(VM_Operation*)+0xba
V  [libjvm.so+0xac138e]  VMThread::loop()+0x1ce
V  [libjvm.so+0xac1800]  VMThread::run()+0x70
V  [libjvm.so+0x91cb88]  java_start(Thread*)+0x108

VM_Operation (0x00007f695bc2ab10): ParallelGCFailedAllocation, mode: safepoint, requested by thread 0x00007f695400a800


---------------  P R O C E S S  ---------------

Java Threads: ( => current thread )
  0x00007f6904101000 JavaThread "Thread-2" daemon [_thread_blocked, id=15080, stack(0x00007f68f0c1a000,0x00007f68f0d1b000)]
  0x00007f695415d800 JavaThread "Monitor Ctrl-Break" daemon [_thread_in_native, id=15074, stack(0x00007f692de50000,0x00007f692df51000)]
  0x00007f69540c3000 JavaThread "Service Thread" daemon [_thread_blocked, id=15071, stack(0x00007f692e296000,0x00007f692e397000)]
  0x00007f69540bd800 JavaThread "C1 CompilerThread2" daemon [_thread_blocked, id=15065, stack(0x00007f692e397000,0x00007f692e498000)]
  0x00007f69540bc000 JavaThread "C2 CompilerThread1" daemon [_thread_blocked, id=15064, stack(0x00007f692e498000,0x00007f692e599000)]
  0x00007f69540b9000 JavaThread "C2 CompilerThread0" daemon [_thread_blocked, id=15063, stack(0x00007f692e599000,0x00007f692e69a000)]
  0x00007f69540b7800 JavaThread "Signal Dispatcher" daemon [_thread_blocked, id=15062, stack(0x00007f692e69a000,0x00007f692e79b000)]
  0x00007f695407f800 JavaThread "Finalizer" daemon [_thread_blocked, id=15058, stack(0x00007f692efae000,0x00007f692f0af000)]
  0x00007f695407d800 JavaThread "Reference Handler" daemon [_thread_blocked, id=15057, stack(0x00007f692f0af000,0x00007f692f1b0000)]
  0x00007f695400a800 JavaThread "main" [_thread_blocked, id=15046, stack(0x00007f695bb2c000,0x00007f695bc2d000)]

Other Threads:
=>0x00007f6954078800 VMThread [stack: 0x00007f692f1b0000,0x00007f692f2b1000] [id=15056]
  0x00007f69540c6000 WatcherThread [stack: 0x00007f692e195000,0x00007f692e296000] [id=15072]

VM state:at safepoint (normal execution)

VM Mutex/Monitor currently owned by a thread:  ([mutex/lock_event])
[0x00007f6954006a40] Threads_lock - owner thread: 0x00007f6954078800
[0x00007f6954006f40] Heap_lock - owner thread: 0x00007f695400a800

Heap:
 PSYoungGen      total 278016K, used 6985K [0x00000000d6f00000, 0x00000000e9600000, 0x0000000100000000)
  eden space 253952K, 0% used [0x00000000d6f00000,0x00000000d6f00000,0x00000000e6700000)
  from space 24064K, 29% used [0x00000000e6700000,0x00000000e6dd2530,0x00000000e7e80000)
  to   space 22528K, 0% used [0x00000000e8000000,0x00000000e8000000,0x00000000e9600000)
 ParOldGen       total 84992K, used 34209K [0x0000000084c00000, 0x0000000089f00000, 0x00000000d6f00000)
  object space 84992K, 40% used [0x0000000084c00000,0x0000000086d68610,0x0000000089f00000)
 Metaspace       used 12075K, capacity 12536K, committed 12800K, reserved 1060864K
  class space    used 1538K, capacity 1684K, committed 1792K, reserved 1048576K

Card table byte_map: [0x00007f6958526000,0x00007f6958901000] byte_map_base: 0x00007f6958100000

Marking Bits: (ParMarkBitMap*) 0x00007f695b00fde0
 Begin Bits: [0x00007f6934260000, 0x00007f6936130000)
 End Bits:   [0x00007f6936130000, 0x00007f6938000000)

Polling page: 0x00007f695bc57000

CodeCache: size=245760Kb used=5902Kb max_used=5902Kb free=239857Kb
 bounds [0x00007f6945000000, 0x00007f69455d0000, 0x00007f6954000000]
 total_blobs=2373 nmethods=1802 adapters=484
 compilation: enabled

Compilation events (10 events):
Event: 24,437 Thread 0x00007f69540bc000 nmethod 1800 0x00007f69455b6ed0 code [0x00007f69455b7020, 0x00007f69455b7088]
Event: 24,441 Thread 0x00007f69540b9000 nmethod 1799 0x00007f69455bf150 code [0x00007f69455bf300, 0x00007f69455bf7e8]
Event: 24,586 Thread 0x00007f69540bc000 1801       4       org.jcodec.common.io.BitWriter::write1Bit (58 bytes)
Event: 24,645 Thread 0x00007f69540bc000 nmethod 1801 0x00007f69455c6250 code [0x00007f69455c63c0, 0x00007f69455c66f8]
Event: 25,216 Thread 0x00007f69540bd800 1802       1       java.nio.channels.spi.AbstractInterruptibleChannel::isOpen (5 bytes)
Event: 25,217 Thread 0x00007f69540bd800 nmethod 1802 0x00007f69455bee90 code [0x00007f69455befe0, 0x00007f69455bf0f0]
Event: 26,032 Thread 0x00007f69540bd800 1803       3       java.nio.Buffer::flip (20 bytes)
Event: 26,033 Thread 0x00007f69540bd800 nmethod 1803 0x00007f69455c2b50 code [0x00007f69455c2ca0, 0x00007f69455c2e10]
Event: 26,444 Thread 0x00007f69540bd800 1804 %     3       org.jcodec.codecs.h264.H264Encoder::encodeSlice @ 232 (374 bytes)
Event: 26,456 Thread 0x00007f69540bd800 nmethod 1804% 0x00007f69455c6a50 code [0x00007f69455c6e40, 0x00007f69455c9418]

GC Heap History (10 events):
Event: 6,679 GC heap after
Heap after GC invocations=2 (full 0):
 PSYoungGen      total 68608K, used 5109K [0x00000000d6f00000, 0x00000000db700000, 0x0000000100000000)
  eden space 63488K, 0% used [0x00000000d6f00000,0x00000000d6f00000,0x00000000dad00000)
  from space 5120K, 99% used [0x00000000db200000,0x00000000db6fd410,0x00000000db700000)
  to   space 5120K, 0% used [0x00000000dad00000,0x00000000dad00000,0x00000000db200000)
 ParOldGen       total 84992K, used 5450K [0x0000000084c00000, 0x0000000089f00000, 0x00000000d6f00000)
  object space 84992K, 6% used [0x0000000084c00000,0x0000000085152aa0,0x0000000089f00000)
 Metaspace       used 10229K, capacity 10708K, committed 10752K, reserved 1058816K
  class space    used 1374K, capacity 1534K, committed 1536K, reserved 1048576K
}
Event: 21,970 GC heap before
{Heap before GC invocations=3 (full 0):
 PSYoungGen      total 68608K, used 68479K [0x00000000d6f00000, 0x00000000db700000, 0x0000000100000000)
  eden space 63488K, 99% used [0x00000000d6f00000,0x00000000dace2a98,0x00000000dad00000)
  from space 5120K, 99% used [0x00000000db200000,0x00000000db6fd410,0x00000000db700000)
  to   space 5120K, 0% used [0x00000000dad00000,0x00000000dad00000,0x00000000db200000)
 ParOldGen       total 84992K, used 5450K [0x0000000084c00000, 0x0000000089f00000, 0x00000000d6f00000)
  object space 84992K, 6% used [0x0000000084c00000,0x0000000085152aa0,0x0000000089f00000)
 Metaspace       used 11785K, capacity 12312K, committed 12416K, reserved 1060864K
  class space    used 1517K, capacity 1652K, committed 1664K, reserved 1048576K
Event: 22,066 GC heap after
Heap after GC invocations=3 (full 0):
 PSYoungGen      total 68608K, used 5099K [0x00000000d6f00000, 0x00000000df500000, 0x0000000100000000)
  eden space 63488K, 0% used [0x00000000d6f00000,0x00000000d6f00000,0x00000000dad00000)
  from space 5120K, 99% used [0x00000000dad00000,0x00000000db1faf00,0x00000000db200000)
  to   space 5120K, 0% used [0x00000000df000000,0x00000000df000000,0x00000000df500000)
 ParOldGen       total 84992K, used 26029K [0x0000000084c00000, 0x0000000089f00000, 0x00000000d6f00000)
  object space 84992K, 30% used [0x0000000084c00000,0x000000008656b6d0,0x0000000089f00000)
 Metaspace       used 11785K, capacity 12312K, committed 12416K, reserved 1060864K
  class space    used 1517K, capacity 1652K, committed 1664K, reserved 1048576K
}
Event: 22,990 GC heap before
{Heap before GC invocations=4 (full 0):
 PSYoungGen      total 68608K, used 68587K [0x00000000d6f00000, 0x00000000df500000, 0x0000000100000000)
  eden space 63488K, 100% used [0x00000000d6f00000,0x00000000dad00000,0x00000000dad00000)
  from space 5120K, 99% used [0x00000000dad00000,0x00000000db1faf00,0x00000000db200000)
  to   space 5120K, 0% used [0x00000000df000000,0x00000000df000000,0x00000000df500000)
 ParOldGen       total 84992K, used 26029K [0x0000000084c00000, 0x0000000089f00000, 0x00000000d6f00000)
  object space 84992K, 30% used [0x0000000084c00000,0x000000008656b6d0,0x0000000089f00000)
 Metaspace       used 12060K, capacity 12536K, committed 12800K, reserved 1060864K
  class space    used 1538K, capacity 1684K, committed 1792K, reserved 1048576K
Event: 23,057 GC heap after
Heap after GC invocations=4 (full 0):
 PSYoungGen      total 132096K, used 5099K [0x00000000d6f00000, 0x00000000df500000, 0x0000000100000000)
  eden space 126976K, 0% used [0x00000000d6f00000,0x00000000d6f00000,0x00000000deb00000)
  from space 5120K, 99% used [0x00000000df000000,0x00000000df4faf00,0x00000000df500000)
  to   space 5120K, 0% used [0x00000000deb00000,0x00000000deb00000,0x00000000df000000)
 ParOldGen       total 84992K, used 31399K [0x0000000084c00000, 0x0000000089f00000, 0x00000000d6f00000)
  object space 84992K, 36% used [0x0000000084c00000,0x0000000086aa9e90,0x0000000089f00000)
 Metaspace       used 12060K, capacity 12536K, committed 12800K, reserved 1060864K
  class space    used 1538K, capacity 1684K, committed 1792K, reserved 1048576K
}
Event: 24,257 GC heap before
{Heap before GC invocations=5 (full 0):
 PSYoungGen      total 132096K, used 132075K [0x00000000d6f00000, 0x00000000df500000, 0x0000000100000000)
  eden space 126976K, 100% used [0x00000000d6f00000,0x00000000deb00000,0x00000000deb00000)
  from space 5120K, 99% used [0x00000000df000000,0x00000000df4faf00,0x00000000df500000)
  to   space 5120K, 0% used [0x00000000deb00000,0x00000000deb00000,0x00000000df000000)
 ParOldGen       total 84992K, used 31399K [0x0000000084c00000, 0x0000000089f00000, 0x00000000d6f00000)
  object space 84992K, 36% used [0x0000000084c00000,0x0000000086aa9e90,0x0000000089f00000)
 Metaspace       used 12066K, capacity 12536K, committed 12800K, reserved 1060864K
  class space    used 1538K, capacity 1684K, committed 1792K, reserved 1048576K
Event: 24,293 GC heap after
Heap after GC invocations=5 (full 0):
 PSYoungGen      total 132096K, used 5115K [0x00000000d6f00000, 0x00000000e9900000, 0x0000000100000000)
  eden space 126976K, 0% used [0x00000000d6f00000,0x00000000d6f00000,0x00000000deb00000)
  from space 5120K, 99% used [0x00000000deb00000,0x00000000deffeef0,0x00000000df000000)
  to   space 25600K, 0% used [0x00000000e8000000,0x00000000e8000000,0x00000000e9900000)
 ParOldGen       total 84992K, used 31455K [0x0000000084c00000, 0x0000000089f00000, 0x00000000d6f00000)
  object space 84992K, 37% used [0x0000000084c00000,0x0000000086ab7e90,0x0000000089f00000)
 Metaspace       used 12066K, capacity 12536K, committed 12800K, reserved 1060864K
  class space    used 1538K, capacity 1684K, committed 1792K, reserved 1048576K
}
Event: 24,719 GC heap before
{Heap before GC invocations=6 (full 0):
 PSYoungGen      total 132096K, used 129772K [0x00000000d6f00000, 0x00000000e9900000, 0x0000000100000000)
  eden space 126976K, 98% used [0x00000000d6f00000,0x00000000de8bc310,0x00000000deb00000)
  from space 5120K, 99% used [0x00000000deb00000,0x00000000deffeef0,0x00000000df000000)
  to   space 25600K, 0% used [0x00000000e8000000,0x00000000e8000000,0x00000000e9900000)
 ParOldGen       total 84992K, used 31455K [0x0000000084c00000, 0x0000000089f00000, 0x00000000d6f00000)
  object space 84992K, 37% used [0x0000000084c00000,0x0000000086ab7e90,0x0000000089f00000)
 Metaspace       used 12066K, capacity 12536K, committed 12800K, reserved 1060864K
  class space    used 1538K, capacity 1684K, committed 1792K, reserved 1048576K
Event: 24,766 GC heap after
Heap after GC invocations=6 (full 0):
 PSYoungGen      total 276480K, used 6707K [0x00000000d6f00000, 0x00000000e9600000, 0x0000000100000000)
  eden space 253952K, 0% used [0x00000000d6f00000,0x00000000d6f00000,0x00000000e6700000)
  from space 22528K, 29% used [0x00000000e8000000,0x00000000e868cfd0,0x00000000e9600000)
  to   space 24064K, 0% used [0x00000000e6700000,0x00000000e6700000,0x00000000e7e80000)
 ParOldGen       total 84992K, used 31463K [0x0000000084c00000, 0x0000000089f00000, 0x00000000d6f00000)
  object space 84992K, 37% used [0x0000000084c00000,0x0000000086ab9e90,0x0000000089f00000)
 Metaspace       used 12066K, capacity 12536K, committed 12800K, reserved 1060864K
  class space    used 1538K, capacity 1684K, committed 1792K, reserved 1048576K
}
Event: 26,580 GC heap before
{Heap before GC invocations=7 (full 0):
 PSYoungGen      total 276480K, used 260659K [0x00000000d6f00000, 0x00000000e9600000, 0x0000000100000000)
  eden space 253952K, 100% used [0x00000000d6f00000,0x00000000e6700000,0x00000000e6700000)
  from space 22528K, 29% used [0x00000000e8000000,0x00000000e868cfd0,0x00000000e9600000)
  to   space 24064K, 0% used [0x00000000e6700000,0x00000000e6700000,0x00000000e7e80000)
 ParOldGen       total 84992K, used 31463K [0x0000000084c00000, 0x0000000089f00000, 0x00000000d6f00000)
  object space 84992K, 37% used [0x0000000084c00000,0x0000000086ab9e90,0x0000000089f00000)
 Metaspace       used 12075K, capacity 12536K, committed 12800K, reserved 1060864K
  class space    used 1538K, capacity 1684K, committed 1792K, reserved 1048576K

Deoptimization events (10 events):
Event: 20,355 Thread 0x00007f6904104800 Uncommon trap: reason=unstable_if action=reinterpret pc=0x00007f69454aa100 method=com.sun.javafx.geom.transform.AffineBase.updateState2D()V @ 42
Event: 21,653 Thread 0x00007f6904104800 Uncommon trap: reason=unstable_if action=reinterpret pc=0x00007f6945266a4c method=java.util.HashMap.removeNode(ILjava/lang/Object;Ljava/lang/Object;ZZ)Ljava/util/HashMap$Node; @ 58
Event: 21,670 Thread 0x00007f6904104800 Uncommon trap: reason=unstable_if action=reinterpret pc=0x00007f69454d0560 method=java.util.concurrent.locks.ReentrantLock$Sync.tryRelease(I)Z @ 28
Event: 21,672 Thread 0x00007f6904044800 Uncommon trap: reason=unstable_if action=reinterpret pc=0x00007f694525433c method=java.util.HashMap.removeNode(ILjava/lang/Object;Ljava/lang/Object;ZZ)Ljava/util/HashMap$Node; @ 58
Event: 22,552 Thread 0x00007f695400a800 Uncommon trap: reason=unstable_if action=reinterpret pc=0x00007f6945562a98 method=org.jcodec.codecs.h264.H264Encoder.takeSubtract([IIIII[II)V @ 13
Event: 22,597 Thread 0x00007f695400a800 Uncommon trap: reason=unstable_if action=reinterpret pc=0x00007f694556229c method=org.jcodec.codecs.h264.io.CAVLC.codeTableLuma(ZLorg/jcodec/codecs/h264/io/model/MBType;IZLorg/jcodec/codecs/h264/io/model/MBType;I)I @ 58
Event: 22,597 Thread 0x00007f695400a800 Uncommon trap: reason=unstable_if action=reinterpret pc=0x00007f6945560174 method=org.jcodec.codecs.h264.io.CAVLC.writeBlockGen(Lorg/jcodec/common/io/BitWriter;[I[Lorg/jcodec/common/io/VLC;II[ILorg/jcodec/common/io/VLC;)I @ 45
Event: 22,597 Thread 0x00007f695400a800 Uncommon trap: reason=unstable_if action=reinterpret pc=0x00007f6945584dac method=org.jcodec.codecs.h264.io.CAVLC.codeTableLuma(ZLorg/jcodec/codecs/h264/io/model/MBType;IZLorg/jcodec/codecs/h264/io/model/MBType;I)I @ 58
Event: 22,598 Thread 0x00007f695400a800 Uncommon trap: reason=unstable_if action=reinterpret pc=0x00007f6945566eec method=org.jcodec.codecs.h264.io.CAVLC.codeTableLuma(ZLorg/jcodec/codecs/h264/io/model/MBType;IZLorg/jcodec/codecs/h264/io/model/MBType;I)I @ 58
Event: 22,598 Thread 0x00007f695400a800 Uncommon trap: reason=unstable_if action=reinterpret pc=0x00007f694556496c method=org.jcodec.codecs.h264.io.CAVLC.codeTableLuma(ZLorg/jcodec/codecs/h264/io/model/MBType;IZLorg/jcodec/codecs/h264/io/model/MBType;I)I @ 58

Internal exceptions (10 events):
Event: 0,138 Thread 0x00007f695400a800 Exception <a 'java/lang/NoSuchMethodError': Method sun.misc.Unsafe.prefetchRead(Ljava/lang/Object;J)V name or signature does not match> (0x00000000d6f12e80) thrown at [/HUDSON/workspace/8-2-build-linux-amd64/jdk8u60/4407/hotspot/src/share/vm/prims/jni.cpp
Event: 0,620 Thread 0x00007f695400a800 Exception <a 'java/lang/NoSuchFieldError': method resolution failed> (0x00000000d72f9b48) thrown at [/HUDSON/workspace/8-2-build-linux-amd64/jdk8u60/4407/hotspot/src/share/vm/prims/methodHandles.cpp, line 1146]
Event: 0,624 Thread 0x00007f695400a800 Exception <a 'java/lang/NoSuchFieldError': method resolution failed> (0x00000000d7306ec8) thrown at [/HUDSON/workspace/8-2-build-linux-amd64/jdk8u60/4407/hotspot/src/share/vm/prims/methodHandles.cpp, line 1146]
Event: 0,745 Thread 0x00007f6954225800 Exception <a 'java/security/PrivilegedActionException'> (0x00000000d7411630) thrown at [/HUDSON/workspace/8-2-build-linux-amd64/jdk8u60/4407/hotspot/src/share/vm/prims/jvm.cpp, line 1386]
Event: 0,745 Thread 0x00007f6954225800 Exception <a 'java/security/PrivilegedActionException'> (0x00000000d7411840) thrown at [/HUDSON/workspace/8-2-build-linux-amd64/jdk8u60/4407/hotspot/src/share/vm/prims/jvm.cpp, line 1386]
Event: 0,747 Thread 0x00007f6954225800 Exception <a 'java/security/PrivilegedActionException'> (0x00000000d7413c80) thrown at [/HUDSON/workspace/8-2-build-linux-amd64/jdk8u60/4407/hotspot/src/share/vm/prims/jvm.cpp, line 1386]
Event: 0,747 Thread 0x00007f6954225800 Exception <a 'java/security/PrivilegedActionException'> (0x00000000d7413e90) thrown at [/HUDSON/workspace/8-2-build-linux-amd64/jdk8u60/4407/hotspot/src/share/vm/prims/jvm.cpp, line 1386]
Event: 0,747 Thread 0x00007f6954225800 Exception <a 'java/lang/NullPointerException'> (0x00000000d7414468) thrown at [/HUDSON/workspace/8-2-build-linux-amd64/jdk8u60/4407/hotspot/src/share/vm/interpreter/linkResolver.cpp, line 1178]
Event: 5,474 Thread 0x00007f6904104800 Exception <a 'java/lang/NullPointerException'> (0x00000000d8700a60) thrown at [/HUDSON/workspace/8-2-build-linux-amd64/jdk8u60/4407/hotspot/src/share/vm/interpreter/linkResolver.cpp, line 1178]
Event: 5,474 Thread 0x00007f6904104800 Exception <a 'java/lang/NullPointerException'> (0x00000000d8700a60) thrown at [/HUDSON/workspace/8-2-build-linux-amd64/jdk8u60/4407/hotspot/src/share/vm/prims/jvm.cpp, line 1390]

Events (10 events):
Event: 23,505 Thread 0x00007f695400a800 DEOPT UNPACKING pc=0x00007f6945047633 sp=0x00007f695bc2a8e0 mode 0
Event: 23,744 Thread 0x00007f695400a800 DEOPT PACKING pc=0x00007f694559aa4c sp=0x00007f695bc2aec0
Event: 23,744 Thread 0x00007f695400a800 DEOPT UNPACKING pc=0x00007f6945047633 sp=0x00007f695bc2ac18 mode 0
Event: 24,257 Executing VM operation: ParallelGCFailedAllocation
Event: 24,293 Executing VM operation: ParallelGCFailedAllocation done
Event: 24,420 Thread 0x00007f695400a800 DEOPT PACKING pc=0x00007f69455aab57 sp=0x00007f695bc2adc0
Event: 24,420 Thread 0x00007f695400a800 DEOPT UNPACKING pc=0x00007f6945047633 sp=0x00007f695bc2ab28 mode 0
Event: 24,719 Executing VM operation: ParallelGCFailedAllocation
Event: 24,766 Executing VM operation: ParallelGCFailedAllocation done
Event: 26,579 Executing VM operation: ParallelGCFailedAllocation


Dynamic libraries:
00400000-00401000 r-xp 00000000 08:02 3037880                            /usr/lib/jvm/java-8-oracle/bin/java
00600000-00601000 rw-p 00000000 08:02 3037880                            /usr/lib/jvm/java-8-oracle/bin/java
01f67000-01f88000 rw-p 00000000 00:00 0                                  [heap]
84c00000-89f00000 rw-p 00000000 00:00 0 
89f00000-d6f00000 ---p 00000000 00:00 0 
d6f00000-e9600000 rw-p 00000000 00:00 0 
f8c00000-100000000 ---p 00000000 00:00 0 
100000000-1001c0000 rw-p 00000000 00:00 0 
1001c0000-140000000 ---p 00000000 00:00 0 
7f68dc000000-7f68dc37a000 rw-p 00000000 00:00 0 
7f68dc37a000-7f68e0000000 ---p 00000000 00:00 0 
7f68e4000000-7f68e4022000 rw-p 00000000 00:00 0 
7f68e4022000-7f68e8000000 ---p 00000000 00:00 0 
7f68e8000000-7f68e8021000 rw-p 00000000 00:00 0 
7f68e8021000-7f68ec000000 ---p 00000000 00:00 0 
7f68ec000000-7f68ec021000 rw-p 00000000 00:00 0 
7f68ec021000-7f68f0000000 ---p 00000000 00:00 0 
7f68f0038000-7f68f00f8000 rw-p 00000000 00:00 0 
7f68f00f8000-7f68f0238000 ---p 00000000 00:00 0 
7f68f0238000-7f68f0248000 rw-s 00000000 00:05 2513986                    /drm mm object (deleted)
7f68f0248000-7f68f0250000 rw-s 00000000 00:05 2513187                    /drm mm object (deleted)
7f68f0250000-7f68f0260000 rw-s 00000000 00:05 2514980                    /drm mm object (deleted)
7f68f0260000-7f68f026c000 rw-s 00000000 00:05 2509485                    /drm mm object (deleted)
7f68f026d000-7f68f026e000 rw-s 00000000 00:05 2512519                    /drm mm object (deleted)
7f68f026e000-7f68f0273000 r--s 00083000 08:02 3024782                    /usr/lib/jvm/java-8-oracle/jre/lib/jfr.jar
7f68f0273000-7f68f0473000 rw-p 00000000 00:00 0 
7f68f0473000-7f68f0474000 r--s 00000000 08:02 1707504                    /var/cache/fontconfig/c05880de57d1f5e948fdfacc138775d9-le64.cache-4
7f68f0474000-7f68f047f000 r--s 00000000 08:02 1707498                    /var/cache/fontconfig/945677eb7aeaf62f1d50efc3fb3ec7d8-le64.cache-4
7f68f047f000-7f68f0485000 r--s 00000000 08:02 1707484                    /var/cache/fontconfig/2cd17615ca594fa2959ae173292e504c-le64.cache-4
7f68f0485000-7f68f0486000 r--s 00000000 08:02 1707514                    /var/cache/fontconfig/e7071f4a29fa870f4323321c154eba04-le64.cache-4
7f68f0486000-7f68f0487000 r--s 00000000 08:02 1707481                    /var/cache/fontconfig/0d8c3b2ac0904cb8a57a757ad11a4a08-le64.cache-4
7f68f0487000-7f68f048e000 r--s 00000000 08:02 1707501                    /var/cache/fontconfig/a755afe4a08bf5b97852ceb7400b47bc-le64.cache-4
7f68f048e000-7f68f0492000 r--s 00000000 08:02 1711731                    /var/cache/fontconfig/6d41288fd70b0be22e8c3a91e032eec0-le64.cache-4
7f68f0492000-7f68f04a6000 r--s 00000000 08:02 1707479                    /var/cache/fontconfig/04aabc0a78ac019cf9454389977116d2-le64.cache-4
7f68f04a6000-7f68f04a7000 r--s 00000000 08:02 1707483                    /var/cache/fontconfig/1ac9eb803944fde146138c791f5cc56a-le64.cache-4
7f68f04a7000-7f68f04ab000 r--s 00000000 08:02 1707487                    /var/cache/fontconfig/385c0604a188198f04d133e54aba7fe7-le64.cache-4
7f68f04ab000-7f68f04ad000 r--s 00000000 08:02 1707495                    /var/cache/fontconfig/767a8244fc0220cfb567a839d0392e0b-le64.cache-4
7f68f04ad000-7f68f04b2000 r--s 00000000 08:02 1707497                    /var/cache/fontconfig/8801497958630a81b71ace7c5f9b32a8-le64.cache-4
7f68f04b2000-7f68f04b6000 r--s 00000000 08:02 1718184                    /var/cache/fontconfig/c57959a16110560c8d0fcea73374aeeb-le64.cache-4
7f68f04b6000-7f68f04bd000 r--s 00000000 08:02 1707485                    /var/cache/fontconfig/3047814df9a2f067bd2d96a2b9c36e5a-le64.cache-4
7f68f04bd000-7f68f04c3000 r--s 00000000 08:02 1707502                    /var/cache/fontconfig/b47c4e1ecd0709278f4910c18777a504-le64.cache-4
7f68f04c3000-7f68f04d6000 r--s 00000000 08:02 1707508                    /var/cache/fontconfig/d52a8644073d54c13679302ca1180695-le64.cache-4
7f68f04d6000-7f68f04df000 r--s 00000000 08:02 1717381                    /var/cache/fontconfig/3f7329c5293ffd510edef78f73874cfd-le64.cache-4
7f68f04df000-7f68f04e3000 r--s 00000000 08:02 1707509                    /var/cache/fontconfig/d589a48862398ed80a3d6066f4f56f4c-le64.cache-4
7f68f04e3000-7f68f04f0000 r--s 00000000 08:02 1708253                    /var/cache/fontconfig/e13b20fdb08344e0e664864cc2ede53d-le64.cache-4
7f68f04f0000-7f68f04f5000 r-xp 00000000 08:02 3031195                    /usr/lib/jvm/java-8-oracle/jre/lib/amd64/libjavafx_font_freetype.so
7f68f04f5000-7f68f06f4000 ---p 00005000 08:02 3031195                    /usr/lib/jvm/java-8-oracle/jre/lib/amd64/libjavafx_font_freetype.so
7f68f06f4000-7f68f06f5000 rw-p 00004000 08:02 3031195                    /usr/lib/jvm/java-8-oracle/jre/lib/amd64/libjavafx_font_freetype.so
7f68f06f5000-7f68f06f8000 r-xp 00000000 08:02 3036510                    /usr/lib/jvm/java-8-oracle/jre/lib/amd64/libjavafx_font.so
7f68f06f8000-7f68f08f7000 ---p 00003000 08:02 3036510                    /usr/lib/jvm/java-8-oracle/jre/lib/amd64/libjavafx_font.so
7f68f08f7000-7f68f08f8000 rw-p 00002000 08:02 3036510                    /usr/lib/jvm/java-8-oracle/jre/lib/amd64/libjavafx_font.so
7f68f08f8000-7f68f0909000 r-xp 00000000 08:02 3031597                    /usr/lib/jvm/java-8-oracle/jre/lib/amd64/libnio.so
7f68f0909000-7f68f0b08000 ---p 00011000 08:02 3031597                    /usr/lib/jvm/java-8-oracle/jre/lib/amd64/libnio.so
7f68f0b08000-7f68f0b09000 rw-p 00010000 08:02 3031597                    /usr/lib/jvm/java-8-oracle/jre/lib/amd64/libnio.so
7f68f0b10000-7f68f0b11000 rw-p 00000000 00:00 0 
7f68f0b11000-7f68f0b19000 rw-s 00000000 00:05 2509476                    /drm mm object (deleted)
7f68f0b19000-7f68f0b1c000 ---p 00000000 00:00 0 
7f68f0b1c000-7f68f0c1a000 rw-p 00000000 00:00 0 
7f68f0c1a000-7f68f0c1d000 ---p 00000000 00:00 0 
7f68f0c1d000-7f68f0d1b000 rw-p 00000000 00:00 0                          [stack:15080]
7f68f0d1b000-7f68f0d1c000 ---p 00000000 00:00 0 
7f68f0d1c000-7f68f151c000 rw-p 00000000 00:00 0                          [stack:15079]
7f68f151c000-7f68f151d000 ---p 00000000 00:00 0 
7f68f151d000-7f68f1d1d000 rw-p 00000000 00:00 0                          [stack:15078]
7f68f1d1d000-7f68f1d28000 r-xp 00000000 08:02 2501                       /usr/lib/x86_64-linux-gnu/gio/modules/libdconfsettings.so
7f68f1d28000-7f68f1f28000 ---p 0000b000 08:02 2501                       /usr/lib/x86_64-linux-gnu/gio/modules/libdconfsettings.so
7f68f1f28000-7f68f1f29000 r--p 0000b000 08:02 2501                       /usr/lib/x86_64-linux-gnu/gio/modules/libdconfsettings.so
7f68f1f29000-7f68f1f2a000 rw-p 0000c000 08:02 2501                       /usr/lib/x86_64-linux-gnu/gio/modules/libdconfsettings.so
7f68f1f2a000-7f68f1f72000 r--p 00000000 08:02 559796                     /usr/share/glib-2.0/schemas/gschemas.compiled
7f68f1f72000-7f68f1f79000 r-xp 00000000 08:02 3030765                    /usr/lib/x86_64-linux-gnu/libogg.so.0.8.1
7f68f1f79000-7f68f2179000 ---p 00007000 08:02 3030765                    /usr/lib/x86_64-linux-gnu/libogg.so.0.8.1
7f68f2179000-7f68f217a000 r--p 00007000 08:02 3030765                    /usr/lib/x86_64-linux-gnu/libogg.so.0.8.1
7f68f217a000-7f68f217b000 rw-p 00008000 08:02 3030765                    /usr/lib/x86_64-linux-gnu/libogg.so.0.8.1
7f68f217b000-7f68f21a7000 r-xp 00000000 08:02 3031041                    /usr/lib/x86_64-linux-gnu/libvorbis.so.0.4.5
7f68f21a7000-7f68f23a6000 ---p 0002c000 08:02 3031041                    /usr/lib/x86_64-linux-gnu/libvorbis.so.0.4.5
7f68f23a6000-7f68f23a7000 r--p 0002b000 08:02 3031041                    /usr/lib/x86_64-linux-gnu/libvorbis.so.0.4.5
7f68f23a7000-7f68f23a8000 rw-p 0002c000 08:02 3031041                    /usr/lib/x86_64-linux-gnu/libvorbis.so.0.4.5
7f68f23a8000-7f68f23b1000 r-xp 00000000 08:02 3030671                    /usr/lib/x86_64-linux-gnu/libltdl.so.7.3.0
7f68f23b1000-7f68f25b0000 ---p 00009000 08:02 3030671                    /usr/lib/x86_64-linux-gnu/libltdl.so.7.3.0
7f68f25b0000-7f68f25b1000 r--p 00008000 08:02 3030671                    /usr/lib/x86_64-linux-gnu/libltdl.so.7.3.0
7f68f25b1000-7f68f25b2000 rw-p 00009000 08:02 3030671                    /usr/lib/x86_64-linux-gnu/libltdl.so.7.3.0
7f68f25b2000-7f68f25c3000 r-xp 00000000 08:02 3030960                    /usr/lib/x86_64-linux-gnu/libtdb.so.1.2.12
7f68f25c3000-7f68f27c2000 ---p 00011000 08:02 3030960                    /usr/lib/x86_64-linux-gnu/libtdb.so.1.2.12
7f68f27c2000-7f68f27c3000 r--p 00010000 08:02 3030960                    /usr/lib/x86_64-linux-gnu/libtdb.so.1.2.12
7f68f27c3000-7f68f27c4000 rw-p 00011000 08:02 3030960                    /usr/lib/x86_64-linux-gnu/libtdb.so.1.2.12
7f68f27c4000-7f68f27cb000 r-xp 00000000 08:02 3031045                    /usr/lib/x86_64-linux-gnu/libvorbisfile.so.3.3.4
7f68f27cb000-7f68f29ca000 ---p 00007000 08:02 3031045                    /usr/lib/x86_64-linux-gnu/libvorbisfile.so.3.3.4
7f68f29ca000-7f68f29cb000 r--p 00006000 08:02 3031045                    /usr/lib/x86_64-linux-gnu/libvorbisfile.so.3.3.4
7f68f29cb000-7f68f29cc000 rw-p 00007000 08:02 3031045                    /usr/lib/x86_64-linux-gnu/libvorbisfile.so.3.3.4
7f68f29cc000-7f68f29db000 r-xp 00000000 08:02 3030185                    /usr/lib/x86_64-linux-gnu/libcanberra.so.0.2.5
7f68f29db000-7f68f2bda000 ---p 0000f000 08:02 3030185                    /usr/lib/x86_64-linux-gnu/libcanberra.so.0.2.5
7f68f2bda000-7f68f2bdb000 r--p 0000e000 08:02 3030185                    /usr/lib/x86_64-linux-gnu/libcanberra.so.0.2.5
7f68f2bdb000-7f68f2bdc000 rw-p 0000f000 08:02 3030185                    /usr/lib/x86_64-linux-gnu/libcanberra.so.0.2.5
7f68f2bdc000-7f68f2be0000 r-xp 00000000 08:02 3030181                    /usr/lib/x86_64-linux-gnu/libcanberra-gtk.so.0.1.9
7f68f2be0000-7f68f2ddf000 ---p 00004000 08:02 3030181                    /usr/lib/x86_64-linux-gnu/libcanberra-gtk.so.0.1.9
7f68f2ddf000-7f68f2de0000 r--p 00003000 08:02 3030181                    /usr/lib/x86_64-linux-gnu/libcanberra-gtk.so.0.1.9
7f68f2de0000-7f68f2de1000 rw-p 00004000 08:02 3030181                    /usr/lib/x86_64-linux-gnu/libcanberra-gtk.so.0.1.9
7f68f2de1000-7f68f2de6000 r-xp 00000000 08:02 2756                       /usr/lib/x86_64-linux-gnu/gtk-2.0/modules/libcanberra-gtk-module.so
7f68f2de6000-7f68f2fe5000 ---p 00005000 08:02 2756                       /usr/lib/x86_64-linux-gnu/gtk-2.0/modules/libcanberra-gtk-module.so
7f68f2fe5000-7f68f2fe6000 r--p 00004000 08:02 2756                       /usr/lib/x86_64-linux-gnu/gtk-2.0/modules/libcanberra-gtk-module.so
7f68f2fe6000-7f68f2fe7000 rw-p 00005000 08:02 2756                       /usr/lib/x86_64-linux-gnu/gtk-2.0/modules/libcanberra-gtk-module.so
7f68f2fe7000-7f68f3016000 r-xp 00000000 08:02 2738                       /usr/lib/x86_64-linux-gnu/gtk-2.0/2.10.0/engines/libmurrine.so
7f68f3016000-7f68f3216000 ---p 0002f000 08:02 2738                       /usr/lib/x86_64-linux-gnu/gtk-2.0/2.10.0/engines/libmurrine.so
7f68f3216000-7f68f3217000 r--p 0002f000 08:02 2738                       /usr/lib/x86_64-linux-gnu/gtk-2.0/2.10.0/engines/libmurrine.so
7f68f3217000-7f68f3218000 rw-p 00030000 08:02 2738                       /usr/lib/x86_64-linux-gnu/gtk-2.0/2.10.0/engines/libmurrine.so
7f68f3218000-7f68f3228000 r-xp 00000000 08:02 3031009                    /usr/lib/x86_64-linux-gnu/libunity-gtk2-parser.so.0.0.0
7f68f3228000-7f68f3427000 ---p 00010000 08:02 3031009                    /usr/lib/x86_64-linux-gnu/libunity-gtk2-parser.so.0.0.0
7f68f3427000-7f68f3428000 r--p 0000f000 08:02 3031009                    /usr/lib/x86_64-linux-gnu/libunity-gtk2-parser.so.0.0.0
7f68f3428000-7f68f3429000 rw-p 00010000 08:02 3031009                    /usr/lib/x86_64-linux-gnu/libunity-gtk2-parser.so.0.0.0
7f68f3429000-7f68f342d000 r--s 00000000 08:02 1717589                    /var/cache/fontconfig/7ef2298fde41cc6eeb7af42e48b7d293-le64.cache-4
7f68f342d000-7f68f3436000 r--p 00000000 08:02 2321447                    /home/adam/.config/dconf/user
7f68f3436000-7f68f3450000 r--p 00000000 08:02 141733                     /usr/share/locale-langpack/pl/LC_MESSAGES/glib20.mo
7f68f3450000-7f68f3455000 r-xp 00000000 08:02 2760                       /usr/lib/x86_64-linux-gnu/gtk-2.0/modules/libunity-gtk-module.so
7f68f3455000-7f68f3654000 ---p 00005000 08:02 2760                       /usr/lib/x86_64-linux-gnu/gtk-2.0/modules/libunity-gtk-module.so
7f68f3654000-7f68f3655000 r--p 00004000 08:02 2760                       /usr/lib/x86_64-linux-gnu/gtk-2.0/modules/libunity-gtk-module.so
7f68f3655000-7f68f3656000 rw-p 00005000 08:02 2760                       /usr/lib/x86_64-linux-gnu/gtk-2.0/modules/libunity-gtk-module.so
7f68f3656000-7f68f3667000 r-xp 00000000 08:02 2759                       /usr/lib/x86_64-linux-gnu/gtk-2.0/modules/liboverlay-scrollbar.so
7f68f3667000-7f68f3866000 ---p 00011000 08:02 2759                       /usr/lib/x86_64-linux-gnu/gtk-2.0/modules/liboverlay-scrollbar.so
7f68f3866000-7f68f3867000 r--p 00010000 08:02 2759                       /usr/lib/x86_64-linux-gnu/gtk-2.0/modules/liboverlay-scrollbar.so
7f68f3867000-7f68f3868000 rw-p 00011000 08:02 2759                       /usr/lib/x86_64-linux-gnu/gtk-2.0/modules/liboverlay-scrollbar.so
7f68f3868000-7f68f3891000 r-xp 00000000 08:02 3036504                    /usr/lib/jvm/java-8-oracle/jre/lib/amd64/libglass.so
7f68f3891000-7f68f3a90000 ---p 00029000 08:02 3036504                    /usr/lib/jvm/java-8-oracle/jre/lib/amd64/libglass.so
7f68f3a90000-7f68f3a93000 rw-p 00028000 08:02 3036504                    /usr/lib/jvm/java-8-oracle/jre/lib/amd64/libglass.so
7f68f3a93000-7f68f3aca000 r-xp 00000000 08:02 3030992                    /usr/lib/x86_64-linux-gnu/libtxc_dxtn_s2tc.so.0.0.0
7f68f3aca000-7f68f3cc9000 ---p 00037000 08:02 3030992                    /usr/lib/x86_64-linux-gnu/libtxc_dxtn_s2tc.so.0.0.0
7f68f3cc9000-7f68f3cca000 r--p 00036000 08:02 3030992                    /usr/lib/x86_64-linux-gnu/libtxc_dxtn_s2tc.so.0.0.0
7f68f3cca000-7f68f3ccb000 rw-p 00037000 08:02 3030992                    /usr/lib/x86_64-linux-gnu/libtxc_dxtn_s2tc.so.0.0.0
7f68f3ccb000-7f68f3cd3000 r-xp 00000000 08:02 3030797                    /usr/lib/x86_64-linux-gnu/libpciaccess.so.0.11.1
7f68f3cd3000-7f68f3ed2000 ---p 00008000 08:02 3030797                    /usr/lib/x86_64-linux-gnu/libpciaccess.so.0.11.1
7f68f3ed2000-7f68f3ed3000 r--p 00007000 08:02 3030797                    /usr/lib/x86_64-linux-gnu/libpciaccess.so.0.11.1
7f68f3ed3000-7f68f3ed4000 rw-p 00008000 08:02 3030797                    /usr/lib/x86_64-linux-gnu/libpciaccess.so.0.11.1
7f68f3ed4000-7f68f3ee0000 r-xp 00000000 08:02 3022700                    /usr/lib/x86_64-linux-gnu/libdrm_radeon.so.1.0.1
7f68f3ee0000-7f68f40df000 ---p 0000c000 08:02 3022700                    /usr/lib/x86_64-linux-gnu/libdrm_radeon.so.1.0.1
7f68f40df000-7f68f40e0000 r--p 0000b000 08:02 3022700                    /usr/lib/x86_64-linux-gnu/libdrm_radeon.so.1.0.1
7f68f40e0000-7f68f40e1000 rw-p 0000c000 08:02 3022700                    /usr/lib/x86_64-linux-gnu/libdrm_radeon.so.1.0.1
7f68f40e1000-7f68f40e7000 r-xp 00000000 08:02 3022698                    /usr/lib/x86_64-linux-gnu/libdrm_nouveau.so.2.0.0
7f68f40e7000-7f68f42e6000 ---p 00006000 08:02 3022698                    /usr/lib/x86_64-linux-gnu/libdrm_nouveau.so.2.0.0
7f68f42e6000-7f68f42e7000 r--p 00005000 08:02 3022698                    /usr/lib/x86_64-linux-gnu/libdrm_nouveau.so.2.0.0
7f68f42e7000-7f68f42e8000 rw-p 00006000 08:02 3022698                    /usr/lib/x86_64-linux-gnu/libdrm_nouveau.so.2.0.0
7f68f42e8000-7f68f4308000 r-xp 00000000 08:02 3021469                    /usr/lib/x86_64-linux-gnu/libdrm_intel.so.1.0.0
7f68f4308000-7f68f4507000 ---p 00020000 08:02 3021469                    /usr/lib/x86_64-linux-gnu/libdrm_intel.so.1.0.0
7f68f4507000-7f68f4508000 r--p 0001f000 08:02 3021469                    /usr/lib/x86_64-linux-gnu/libdrm_intel.so.1.0.0
7f68f4508000-7f68f4509000 rw-p 00020000 08:02 3021469                    /usr/lib/x86_64-linux-gnu/libdrm_intel.so.1.0.0
7f68f4509000-7f68f4a11000 r-xp 00000000 08:02 1839                       /usr/lib/x86_64-linux-gnu/dri/i965_dri.so
7f68f4a11000-7f68f4c10000 ---p 00508000 08:02 1839                       /usr/lib/x86_64-linux-gnu/dri/i965_dri.so
7f68f4c10000-7f68f4c2a000 r--p 00507000 08:02 1839                       /usr/lib/x86_64-linux-gnu/dri/i965_dri.so
7f68f4c2a000-7f68f4c30000 rw-p 00521000 08:02 1839                       /usr/lib/x86_64-linux-gnu/dri/i965_dri.so
7f68f4c30000-7f68f4c3b000 rw-p 00000000 00:00 0 
7f68f4c3b000-7f68f4c7f000 r-xp 00000000 08:02 1842770                    /lib/x86_64-linux-gnu/libdbus-1.so.3.7.6
7f68f4c7f000-7f68f4e7e000 ---p 00044000 08:02 1842770                    /lib/x86_64-linux-gnu/libdbus-1.so.3.7.6
7f68f4e7e000-7f68f4e7f000 r--p 00043000 08:02 1842770                    /lib/x86_64-linux-gnu/libdbus-1.so.3.7.6
7f68f4e7f000-7f68f4e80000 rw-p 00044000 08:02 1842770                    /lib/x86_64-linux-gnu/libdbus-1.so.3.7.6
7f68f4e80000-7f68f4e88000 r-xp 00000000 08:02 1842818                    /lib/x86_64-linux-gnu/libnih-dbus.so.1.0.0
7f68f4e88000-7f68f5088000 ---p 00008000 08:02 1842818                    /lib/x86_64-linux-gnu/libnih-dbus.so.1.0.0
7f68f5088000-7f68f5089000 r--p 00008000 08:02 1842818                    /lib/x86_64-linux-gnu/libnih-dbus.so.1.0.0
7f68f5089000-7f68f508a000 rw-p 00009000 08:02 1842818                    /lib/x86_64-linux-gnu/libnih-dbus.so.1.0.0
7f68f508a000-7f68f50a1000 r-xp 00000000 08:02 1842820                    /lib/x86_64-linux-gnu/libnih.so.1.0.0
7f68f50a1000-7f68f52a0000 ---p 00017000 08:02 1842820                    /lib/x86_64-linux-gnu/libnih.so.1.0.0
7f68f52a0000-7f68f52a1000 r--p 00016000 08:02 1842820                    /lib/x86_64-linux-gnu/libnih.so.1.0.0
7f68f52a1000-7f68f52a2000 rw-p 00017000 08:02 1842820                    /lib/x86_64-linux-gnu/libnih.so.1.0.0
7f68f52a2000-7f68f52bb000 r-xp 00000000 08:02 1842761                    /lib/x86_64-linux-gnu/libcgmanager.so.0.0.0
7f68f52bb000-7f68f54ba000 ---p 00019000 08:02 1842761                    /lib/x86_64-linux-gnu/libcgmanager.so.0.0.0
7f68f54ba000-7f68f54bc000 r--p 00018000 08:02 1842761                    /lib/x86_64-linux-gnu/libcgmanager.so.0.0.0
7f68f54bc000-7f68f54bd000 rw-p 0001a000 08:02 1842761                    /lib/x86_64-linux-gnu/libcgmanager.so.0.0.0
7f68f54bd000-7f68f54cd000 r-xp 00000000 08:02 1842733                    /lib/x86_64-linux-gnu/libudev.so.1.3.5
7f68f54cd000-7f68f56cc000 ---p 00010000 08:02 1842733                    /lib/x86_64-linux-gnu/libudev.so.1.3.5
7f68f56cc000-7f68f56cd000 r--p 0000f000 08:02 1842733                    /lib/x86_64-linux-gnu/libudev.so.1.3.5
7f68f56cd000-7f68f56ce000 rw-p 00010000 08:02 1842733                    /lib/x86_64-linux-gnu/libudev.so.1.3.5
7f68f56ce000-7f68f56d4000 r-xp 00000000 08:02 3030249                    /usr/lib/x86_64-linux-gnu/libdatrie.so.1.3.1
7f68f56d4000-7f68f58d3000 ---p 00006000 08:02 3030249                    /usr/lib/x86_64-linux-gnu/libdatrie.so.1.3.1
7f68f58d3000-7f68f58d4000 r--p 00005000 08:02 3030249                    /usr/lib/x86_64-linux-gnu/libdatrie.so.1.3.1
7f68f58d4000-7f68f58d5000 rw-p 00006000 08:02 3030249                    /usr/lib/x86_64-linux-gnu/libdatrie.so.1.3.1
7f68f58d5000-7f68f58da000 r-xp 00000000 08:02 3030057                    /usr/lib/x86_64-linux-gnu/libXdmcp.so.6.0.0
7f68f58da000-7f68f5ad9000 ---p 00005000 08:02 3030057                    /usr/lib/x86_64-linux-gnu/libXdmcp.so.6.0.0
7f68f5ad9000-7f68f5ada000 r--p 00004000 08:02 3030057                    /usr/lib/x86_64-linux-gnu/libXdmcp.so.6.0.0
7f68f5ada000-7f68f5adb000 rw-p 00005000 08:02 3030057                    /usr/lib/x86_64-linux-gnu/libXdmcp.so.6.0.0
7f68f5adb000-7f68f5add000 r-xp 00000000 08:02 3030046                    /usr/lib/x86_64-linux-gnu/libXau.so.6.0.0
7f68f5add000-7f68f5cdd000 ---p 00002000 08:02 3030046                    /usr/lib/x86_64-linux-gnu/libXau.so.6.0.0
7f68f5cdd000-7f68f5cde000 r--p 00002000 08:02 3030046                    /usr/lib/x86_64-linux-gnu/libXau.so.6.0.0
7f68f5cde000-7f68f5cdf000 rw-p 00003000 08:02 3030046                    /usr/lib/x86_64-linux-gnu/libXau.so.6.0.0
7f68f5cdf000-7f68f5cf9000 r-xp 00000000 08:02 3030475                    /usr/lib/x86_64-linux-gnu/libgraphite2.so.3.0.1
7f68f5cf9000-7f68f5ef8000 ---p 0001a000 08:02 3030475                    /usr/lib/x86_64-linux-gnu/libgraphite2.so.3.0.1
7f68f5ef8000-7f68f5efa000 r--p 00019000 08:02 3030475                    /usr/lib/x86_64-linux-gnu/libgraphite2.so.3.0.1
7f68f5efa000-7f68f5efb000 rw-p 0001b000 08:02 3030475                    /usr/lib/x86_64-linux-gnu/libgraphite2.so.3.0.1
7f68f5efb000-7f68f5f06000 r-xp 00000000 08:02 3022578                    /usr/lib/x86_64-linux-gnu/libdrm.so.2.4.0
7f68f5f06000-7f68f6105000 ---p 0000b000 08:02 3022578                    /usr/lib/x86_64-linux-gnu/libdrm.so.2.4.0
7f68f6105000-7f68f6106000 r--p 0000a000 08:02 3022578                    /usr/lib/x86_64-linux-gnu/libdrm.so.2.4.0
7f68f6106000-7f68f6107000 rw-p 0000b000 08:02 3022578                    /usr/lib/x86_64-linux-gnu/libdrm.so.2.4.0
7f68f6107000-7f68f6108000 r-xp 00000000 08:02 3031124                    /usr/lib/x86_64-linux-gnu/libxshmfence.so.1.0.0
7f68f6108000-7f68f6307000 ---p 00001000 08:02 3031124                    /usr/lib/x86_64-linux-gnu/libxshmfence.so.1.0.0
7f68f6307000-7f68f6308000 r--p 00000000 08:02 3031124                    /usr/lib/x86_64-linux-gnu/libxshmfence.so.1.0.0
7f68f6308000-7f68f6309000 rw-p 00001000 08:02 3031124                    /usr/lib/x86_64-linux-gnu/libxshmfence.so.1.0.0
7f68f6309000-7f68f630e000 r-xp 00000000 08:02 3031106                    /usr/lib/x86_64-linux-gnu/libxcb-sync.so.1.0.0
7f68f630e000-7f68f650d000 ---p 00005000 08:02 3031106                    /usr/lib/x86_64-linux-gnu/libxcb-sync.so.1.0.0
7f68f650d000-7f68f650e000 r--p 00004000 08:02 3031106                    /usr/lib/x86_64-linux-gnu/libxcb-sync.so.1.0.0
7f68f650e000-7f68f650f000 rw-p 00005000 08:02 3031106                    /usr/lib/x86_64-linux-gnu/libxcb-sync.so.1.0.0
7f68f650f000-7f68f6511000 r-xp 00000000 08:02 3031094                    /usr/lib/x86_64-linux-gnu/libxcb-present.so.0.0.0
7f68f6511000-7f68f6710000 ---p 00002000 08:02 3031094                    /usr/lib/x86_64-linux-gnu/libxcb-present.so.0.0.0
7f68f6710000-7f68f6711000 r--p 00001000 08:02 3031094                    /usr/lib/x86_64-linux-gnu/libxcb-present.so.0.0.0
7f68f6711000-7f68f6712000 rw-p 00002000 08:02 3031094                    /usr/lib/x86_64-linux-gnu/libxcb-present.so.0.0.0
7f68f6712000-7f68f6714000 r-xp 00000000 08:02 3031084                    /usr/lib/x86_64-linux-gnu/libxcb-dri3.so.0.0.0
7f68f6714000-7f68f6913000 ---p 00002000 08:02 3031084                    /usr/lib/x86_64-linux-gnu/libxcb-dri3.so.0.0.0
7f68f6913000-7f68f6914000 r--p 00001000 08:02 3031084                    /usr/lib/x86_64-linux-gnu/libxcb-dri3.so.0.0.0
7f68f6914000-7f68f6915000 rw-p 00002000 08:02 3031084                    /usr/lib/x86_64-linux-gnu/libxcb-dri3.so.0.0.0
7f68f6915000-7f68f6918000 r-xp 00000000 08:02 3031082                    /usr/lib/x86_64-linux-gnu/libxcb-dri2.so.0.0.0
7f68f6918000-7f68f6b18000 ---p 00003000 08:02 3031082                    /usr/lib/x86_64-linux-gnu/libxcb-dri2.so.0.0.0
7f68f6b18000-7f68f6b19000 r--p 00003000 08:02 3031082                    /usr/lib/x86_64-linux-gnu/libxcb-dri2.so.0.0.0
7f68f6b19000-7f68f6b1a000 rw-p 00004000 08:02 3031082                    /usr/lib/x86_64-linux-gnu/libxcb-dri2.so.0.0.0
7f68f6b1a000-7f68f6b2f000 r-xp 00000000 08:02 3031086                    /usr/lib/x86_64-linux-gnu/libxcb-glx.so.0.0.0
7f68f6b2f000-7f68f6d2e000 ---p 00015000 08:02 3031086                    /usr/lib/x86_64-linux-gnu/libxcb-glx.so.0.0.0
7f68f6d2e000-7f68f6d30000 r--p 00014000 08:02 3031086                    /usr/lib/x86_64-linux-gnu/libxcb-glx.so.0.0.0
7f68f6d30000-7f68f6d31000 rw-p 00016000 08:02 3031086                    /usr/lib/x86_64-linux-gnu/libxcb-glx.so.0.0.0
7f68f6d31000-7f68f6d32000 r-xp 00000000 08:02 3030040                    /usr/lib/x86_64-linux-gnu/libX11-xcb.so.1.0.0
7f68f6d32000-7f68f6f31000 ---p 00001000 08:02 3030040                    /usr/lib/x86_64-linux-gnu/libX11-xcb.so.1.0.0
7f68f6f31000-7f68f6f32000 r--p 00000000 08:02 3030040                    /usr/lib/x86_64-linux-gnu/libX11-xcb.so.1.0.0
7f68f6f32000-7f68f6f33000 rw-p 00001000 08:02 3030040                    /usr/lib/x86_64-linux-gnu/libX11-xcb.so.1.0.0
7f68f6f33000-7f68f6f57000 r-xp 00000000 08:02 3030433                    /usr/lib/x86_64-linux-gnu/libglapi.so.0.0.0
7f68f6f57000-7f68f7157000 ---p 00024000 08:02 3030433                    /usr/lib/x86_64-linux-gnu/libglapi.so.0.0.0
7f68f7157000-7f68f715a000 r--p 00024000 08:02 3030433                    /usr/lib/x86_64-linux-gnu/libglapi.so.0.0.0
7f68f715a000-7f68f715b000 rw-p 00027000 08:02 3030433                    /usr/lib/x86_64-linux-gnu/libglapi.so.0.0.0
7f68f715b000-7f68f715c000 rw-p 00000000 00:00 0 
7f68f715c000-7f68f7199000 r-xp 00000000 08:02 1843417                    /lib/x86_64-linux-gnu/libpcre.so.3.13.1
7f68f7199000-7f68f7398000 ---p 0003d000 08:02 1843417                    /lib/x86_64-linux-gnu/libpcre.so.3.13.1
7f68f7398000-7f68f7399000 r--p 0003c000 08:02 1843417                    /lib/x86_64-linux-gnu/libpcre.so.3.13.1
7f68f7399000-7f68f739a000 rw-p 0003d000 08:02 1843417                    /lib/x86_64-linux-gnu/libpcre.so.3.13.1
7f68f739a000-7f68f73a1000 r-xp 00000000 08:02 3030328                    /usr/lib/x86_64-linux-gnu/libffi.so.6.0.1
7f68f73a1000-7f68f75a0000 ---p 00007000 08:02 3030328                    /usr/lib/x86_64-linux-gnu/libffi.so.6.0.1
7f68f75a0000-7f68f75a1000 r--p 00006000 08:02 3030328                    /usr/lib/x86_64-linux-gnu/libffi.so.6.0.1
7f68f75a1000-7f68f75a2000 rw-p 00007000 08:02 3030328                    /usr/lib/x86_64-linux-gnu/libffi.so.6.0.1
7f68f75a2000-7f68f75c9000 r-xp 00000000 08:02 1842778                    /lib/x86_64-linux-gnu/libexpat.so.1.6.0
7f68f75c9000-7f68f77c9000 ---p 00027000 08:02 1842778                    /lib/x86_64-linux-gnu/libexpat.so.1.6.0
7f68f77c9000-7f68f77cb000 r--p 00027000 08:02 1842778                    /lib/x86_64-linux-gnu/libexpat.so.1.6.0
7f68f77cb000-7f68f77cc000 rw-p 00029000 08:02 1842778                    /lib/x86_64-linux-gnu/libexpat.so.1.6.0
7f68f77cc000-7f68f77d4000 r-xp 00000000 08:02 3030972                    /usr/lib/x86_64-linux-gnu/libthai.so.0.2.0
7f68f77d4000-7f68f79d3000 ---p 00008000 08:02 3030972                    /usr/lib/x86_64-linux-gnu/libthai.so.0.2.0
7f68f79d3000-7f68f79d4000 r--p 00007000 08:02 3030972                    /usr/lib/x86_64-linux-gnu/libthai.so.0.2.0
7f68f79d4000-7f68f79d5000 rw-p 00008000 08:02 3030972                    /usr/lib/x86_64-linux-gnu/libthai.so.0.2.0
7f68f79d5000-7f68f79f2000 r-xp 00000000 08:02 3031114                    /usr/lib/x86_64-linux-gnu/libxcb.so.1.1.0
7f68f79f2000-7f68f7bf2000 ---p 0001d000 08:02 3031114                    /usr/lib/x86_64-linux-gnu/libxcb.so.1.1.0
7f68f7bf2000-7f68f7bf3000 r--p 0001d000 08:02 3031114                    /usr/lib/x86_64-linux-gnu/libxcb.so.1.1.0
7f68f7bf3000-7f68f7bf4000 rw-p 0001e000 08:02 3031114                    /usr/lib/x86_64-linux-gnu/libxcb.so.1.1.0
7f68f7bf4000-7f68f7bfc000 r-xp 00000000 08:02 3031100                    /usr/lib/x86_64-linux-gnu/libxcb-render.so.0.0.0
7f68f7bfc000-7f68f7dfb000 ---p 00008000 08:02 3031100                    /usr/lib/x86_64-linux-gnu/libxcb-render.so.0.0.0
7f68f7dfb000-7f68f7dfc000 r--p 00007000 08:02 3031100                    /usr/lib/x86_64-linux-gnu/libxcb-render.so.0.0.0
7f68f7dfc000-7f68f7dfd000 rw-p 00008000 08:02 3031100                    /usr/lib/x86_64-linux-gnu/libxcb-render.so.0.0.0
7f68f7dfd000-7f68f7dff000 r-xp 00000000 08:02 3031104                    /usr/lib/x86_64-linux-gnu/libxcb-shm.so.0.0.0
7f68f7dff000-7f68f7ffe000 ---p 00002000 08:02 3031104                    /usr/lib/x86_64-linux-gnu/libxcb-shm.so.0.0.0
7f68f7ffe000-7f68f7fff000 r--p 00001000 08:02 3031104                    /usr/lib/x86_64-linux-gnu/libxcb-shm.so.0.0.0
7f68f7fff000-7f68f8000000 rw-p 00002000 08:02 3031104                    /usr/lib/x86_64-linux-gnu/libxcb-shm.so.0.0.0
7f68f8000000-7f68f99c1000 rw-p 00000000 00:00 0 
7f68f99c1000-7f68fc000000 ---p 00000000 00:00 0 
7f68fc000000-7f68fc001000 r--s 00000000 08:02 1707511                    /var/cache/fontconfig/dc05db6664285cc2f12bf69c139ae4c3-le64.cache-4
7f68fc001000-7f68fc002000 r--s 00000000 08:02 1711285                    /var/cache/fontconfig/4794a0821666d79190d59a36cb4f44b5-le64.cache-4
7f68fc002000-7f68fc027000 r-xp 00000000 08:02 1842871                    /lib/x86_64-linux-gnu/libpng12.so.0.50.0
7f68fc027000-7f68fc226000 ---p 00025000 08:02 1842871                    /lib/x86_64-linux-gnu/libpng12.so.0.50.0
7f68fc226000-7f68fc227000 r--p 00024000 08:02 1842871                    /lib/x86_64-linux-gnu/libpng12.so.0.50.0
7f68fc227000-7f68fc228000 rw-p 00025000 08:02 1842871                    /lib/x86_64-linux-gnu/libpng12.so.0.50.0
7f68fc228000-7f68fc2c9000 r-xp 00000000 08:02 3030804                    /usr/lib/x86_64-linux-gnu/libpixman-1.so.0.30.2
7f68fc2c9000-7f68fc4c9000 ---p 000a1000 08:02 3030804                    /usr/lib/x86_64-linux-gnu/libpixman-1.so.0.30.2
7f68fc4c9000-7f68fc4d0000 r--p 000a1000 08:02 3030804                    /usr/lib/x86_64-linux-gnu/libpixman-1.so.0.30.2
7f68fc4d0000-7f68fc4d1000 rw-p 000a8000 08:02 3030804                    /usr/lib/x86_64-linux-gnu/libpixman-1.so.0.30.2
7f68fc4d1000-7f68fc524000 r-xp 00000000 08:02 3030588                    /usr/lib/x86_64-linux-gnu/libharfbuzz.so.0.927.0
7f68fc524000-7f68fc724000 ---p 00053000 08:02 3030588                    /usr/lib/x86_64-linux-gnu/libharfbuzz.so.0.927.0
7f68fc724000-7f68fc725000 r--p 00053000 08:02 3030588                    /usr/lib/x86_64-linux-gnu/libharfbuzz.so.0.927.0
7f68fc725000-7f68fc726000 rw-p 00054000 08:02 3030588                    /usr/lib/x86_64-linux-gnu/libharfbuzz.so.0.927.0
7f68fc726000-7f68fc73d000 r-xp 00000000 08:02 1843456                    /lib/x86_64-linux-gnu/libresolv-2.19.so
7f68fc73d000-7f68fc93d000 ---p 00017000 08:02 1843456                    /lib/x86_64-linux-gnu/libresolv-2.19.so
7f68fc93d000-7f68fc93e000 r--p 00017000 08:02 1843456                    /lib/x86_64-linux-gnu/libresolv-2.19.so
7f68fc93e000-7f68fc93f000 rw-p 00018000 08:02 1843456                    /lib/x86_64-linux-gnu/libresolv-2.19.so
7f68fc93f000-7f68fc941000 rw-p 00000000 00:00 0 
7f68fc941000-7f68fc961000 r-xp 00000000 08:02 1842886                    /lib/x86_64-linux-gnu/libselinux.so.1
7f68fc961000-7f68fcb60000 ---p 00020000 08:02 1842886                    /lib/x86_64-linux-gnu/libselinux.so.1
7f68fcb60000-7f68fcb61000 r--p 0001f000 08:02 1842886                    /lib/x86_64-linux-gnu/libselinux.so.1
7f68fcb61000-7f68fcb62000 rw-p 00020000 08:02 1842886                    /lib/x86_64-linux-gnu/libselinux.so.1
7f68fcb62000-7f68fcb64000 rw-p 00000000 00:00 0 
7f68fcb64000-7f68fcb7c000 r-xp 00000000 08:02 1842919                    /lib/x86_64-linux-gnu/libz.so.1.2.8
7f68fcb7c000-7f68fcd7b000 ---p 00018000 08:02 1842919                    /lib/x86_64-linux-gnu/libz.so.1.2.8
7f68fcd7b000-7f68fcd7c000 r--p 00017000 08:02 1842919                    /lib/x86_64-linux-gnu/libz.so.1.2.8
7f68fcd7c000-7f68fcd7d000 rw-p 00018000 08:02 1842919                    /lib/x86_64-linux-gnu/libz.so.1.2.8
7f68fcd7d000-7f68fcd8e000 r-xp 00000000 08:02 3021752                    /usr/lib/x86_64-linux-gnu/libXext.so.6.4.0
7f68fcd8e000-7f68fcf8d000 ---p 00011000 08:02 3021752                    /usr/lib/x86_64-linux-gnu/libXext.so.6.4.0
7f68fcf8d000-7f68fcf8e000 r--p 00010000 08:02 3021752                    /usr/lib/x86_64-linux-gnu/libXext.so.6.4.0
7f68fcf8e000-7f68fcf8f000 rw-p 00011000 08:02 3021752                    /usr/lib/x86_64-linux-gnu/libXext.so.6.4.0
7f68fcf8f000-7f68fcf91000 r-xp 00000000 08:02 3030055                    /usr/lib/x86_64-linux-gnu/libXdamage.so.1.1.0
7f68fcf91000-7f68fd190000 ---p 00002000 08:02 3030055                    /usr/lib/x86_64-linux-gnu/libXdamage.so.1.1.0
7f68fd190000-7f68fd191000 r--p 00001000 08:02 3030055                    /usr/lib/x86_64-linux-gnu/libXdamage.so.1.1.0
7f68fd191000-7f68fd192000 rw-p 00002000 08:02 3030055                    /usr/lib/x86_64-linux-gnu/libXdamage.so.1.1.0
7f68fd192000-7f68fd194000 r-xp 00000000 08:02 3030051                    /usr/lib/x86_64-linux-gnu/libXcomposite.so.1.0.0
7f68fd194000-7f68fd393000 ---p 00002000 08:02 3030051                    /usr/lib/x86_64-linux-gnu/libXcomposite.so.1.0.0
7f68fd393000-7f68fd394000 r--p 00001000 08:02 3030051                    /usr/lib/x86_64-linux-gnu/libXcomposite.so.1.0.0
7f68fd394000-7f68fd395000 rw-p 00002000 08:02 3030051                    /usr/lib/x86_64-linux-gnu/libXcomposite.so.1.0.0
7f68fd395000-7f68fd39e000 r-xp 00000000 08:02 3030053                    /usr/lib/x86_64-linux-gnu/libXcursor.so.1.0.2
7f68fd39e000-7f68fd59d000 ---p 00009000 08:02 3030053                    /usr/lib/x86_64-linux-gnu/libXcursor.so.1.0.2
7f68fd59d000-7f68fd59e000 r--p 00008000 08:02 3030053                    /usr/lib/x86_64-linux-gnu/libXcursor.so.1.0.2
7f68fd59e000-7f68fd59f000 rw-p 00009000 08:02 3030053                    /usr/lib/x86_64-linux-gnu/libXcursor.so.1.0.2
7f68fd59f000-7f68fd5a8000 r-xp 00000000 08:02 3030079                    /usr/lib/x86_64-linux-gnu/libXrandr.so.2.2.0
7f68fd5a8000-7f68fd7a7000 ---p 00009000 08:02 3030079                    /usr/lib/x86_64-linux-gnu/libXrandr.so.2.2.0
7f68fd7a7000-7f68fd7a8000 r--p 00008000 08:02 3030079                    /usr/lib/x86_64-linux-gnu/libXrandr.so.2.2.0
7f68fd7a8000-7f68fd7a9000 rw-p 00009000 08:02 3030079                    /usr/lib/x86_64-linux-gnu/libXrandr.so.2.2.0
7f68fd7a9000-7f68fd7b8000 r-xp 00000000 08:02 3022707                    /usr/lib/x86_64-linux-gnu/libXi.so.6.1.0
7f68fd7b8000-7f68fd9b7000 ---p 0000f000 08:02 3022707                    /usr/lib/x86_64-linux-gnu/libXi.so.6.1.0
7f68fd9b7000-7f68fd9b8000 r--p 0000e000 08:02 3022707                    /usr/lib/x86_64-linux-gnu/libXi.so.6.1.0
7f68fd9b8000-7f68fd9b9000 rw-p 0000f000 08:02 3022707                    /usr/lib/x86_64-linux-gnu/libXi.so.6.1.0
7f68fd9b9000-7f68fd9bb000 r-xp 00000000 08:02 3030069                    /usr/lib/x86_64-linux-gnu/libXinerama.so.1.0.0
7f68fd9bb000-7f68fdbba000 ---p 00002000 08:02 3030069                    /usr/lib/x86_64-linux-gnu/libXinerama.so.1.0.0
7f68fdbba000-7f68fdbbb000 r--p 00001000 08:02 3030069                    /usr/lib/x86_64-linux-gnu/libXinerama.so.1.0.0
7f68fdbbb000-7f68fdbbc000 rw-p 00002000 08:02 3030069                    /usr/lib/x86_64-linux-gnu/libXinerama.so.1.0.0
7f68fdbbc000-7f68fdbc5000 r-xp 00000000 08:02 3022709                    /usr/lib/x86_64-linux-gnu/libXrender.so.1.3.0
7f68fdbc5000-7f68fddc4000 ---p 00009000 08:02 3022709                    /usr/lib/x86_64-linux-gnu/libXrender.so.1.3.0
7f68fddc4000-7f68fddc5000 r--p 00008000 08:02 3022709                    /usr/lib/x86_64-linux-gnu/libXrender.so.1.3.0
7f68fddc5000-7f68fddc6000 rw-p 00009000 08:02 3022709                    /usr/lib/x86_64-linux-gnu/libXrender.so.1.3.0
7f68fddc6000-7f68fddcb000 r-xp 00000000 08:02 3021024                    /usr/lib/x86_64-linux-gnu/libXfixes.so.3.1.0
7f68fddcb000-7f68fdfca000 ---p 00005000 08:02 3021024                    /usr/lib/x86_64-linux-gnu/libXfixes.so.3.1.0
7f68fdfca000-7f68fdfcb000 r--p 00004000 08:02 3021024                    /usr/lib/x86_64-linux-gnu/libXfixes.so.3.1.0
7f68fdfcb000-7f68fdfcc000 rw-p 00005000 08:02 3021024                    /usr/lib/x86_64-linux-gnu/libXfixes.so.3.1.0
7f68fdfcc000-7f68fdfe2000 r-xp 00000000 08:02 1842783                    /lib/x86_64-linux-gnu/libgcc_s.so.1
7f68fdfe2000-7f68fe1e1000 ---p 00016000 08:02 1842783                    /lib/x86_64-linux-gnu/libgcc_s.so.1
7f68fe1e1000-7f68fe1e2000 rw-p 00015000 08:02 1842783                    /lib/x86_64-linux-gnu/libgcc_s.so.1
7f68fe1e2000-7f68fe2c8000 r-xp 00000000 08:02 3024862                    /usr/lib/x86_64-linux-gnu/libstdc++.so.6.0.19
7f68fe2c8000-7f68fe4c7000 ---p 000e6000 08:02 3024862                    /usr/lib/x86_64-linux-gnu/libstdc++.so.6.0.19
7f68fe4c7000-7f68fe4cf000 r--p 000e5000 08:02 3024862                    /usr/lib/x86_64-linux-gnu/libstdc++.so.6.0.19
7f68fe4cf000-7f68fe4d1000 rw-p 000ed000 08:02 3024862                    /usr/lib/x86_64-linux-gnu/libstdc++.so.6.0.19
7f68fe4d1000-7f68fe4e6000 rw-p 00000000 00:00 0 
7f68fe4e6000-7f68fe572000 r-xp 00000000 08:02 2947                       /usr/lib/x86_64-linux-gnu/mesa/libGL.so.1.2.0
7f68fe572000-7f68fe771000 ---p 0008c000 08:02 2947                       /usr/lib/x86_64-linux-gnu/mesa/libGL.so.1.2.0
7f68fe771000-7f68fe774000 r--p 0008b000 08:02 2947                       /usr/lib/x86_64-linux-gnu/mesa/libGL.so.1.2.0
7f68fe774000-7f68fe775000 rw-p 0008e000 08:02 2947                       /usr/lib/x86_64-linux-gnu/mesa/libGL.so.1.2.0
7f68fe775000-7f68fe776000 rw-p 00000000 00:00 0 
7f68fe776000-7f68fe77a000 r-xp 00000000 08:02 3030097                    /usr/lib/x86_64-linux-gnu/libXxf86vm.so.1.0.0
7f68fe77a000-7f68fe97a000 ---p 00004000 08:02 3030097                    /usr/lib/x86_64-linux-gnu/libXxf86vm.so.1.0.0
7f68fe97a000-7f68fe97b000 r--p 00004000 08:02 3030097                    /usr/lib/x86_64-linux-gnu/libXxf86vm.so.1.0.0
7f68fe97b000-7f68fe97c000 rw-p 00005000 08:02 3030097                    /usr/lib/x86_64-linux-gnu/libXxf86vm.so.1.0.0
7f68fe97c000-7f68feaac000 r-xp 00000000 08:02 3030042                    /usr/lib/x86_64-linux-gnu/libX11.so.6.3.0
7f68feaac000-7f68fecac000 ---p 00130000 08:02 3030042                    /usr/lib/x86_64-linux-gnu/libX11.so.6.3.0
7f68fecac000-7f68fecad000 r--p 00130000 08:02 3030042                    /usr/lib/x86_64-linux-gnu/libX11.so.6.3.0
7f68fecad000-7f68fecb1000 rw-p 00131000 08:02 3030042                    /usr/lib/x86_64-linux-gnu/libX11.so.6.3.0
7f68fecb1000-7f68fecb6000 r-xp 00000000 08:02 3030087                    /usr/lib/x86_64-linux-gnu/libXtst.so.6.1.0
7f68fecb6000-7f68feeb5000 ---p 00005000 08:02 3030087                    /usr/lib/x86_64-linux-gnu/libXtst.so.6.1.0
7f68feeb5000-7f68feeb6000 r--p 00004000 08:02 3030087                    /usr/lib/x86_64-linux-gnu/libXtst.so.6.1.0
7f68feeb6000-7f68feeb7000 rw-p 00005000 08:02 3030087                    /usr/lib/x86_64-linux-gnu/libXtst.so.6.1.0
7f68feeb7000-7f68fefbd000 r-xp 00000000 08:02 1842787                    /lib/x86_64-linux-gnu/libglib-2.0.so.0.4002.0
7f68fefbd000-7f68ff1bc000 ---p 00106000 08:02 1842787                    /lib/x86_64-linux-gnu/libglib-2.0.so.0.4002.0
7f68ff1bc000-7f68ff1bd000 r--p 00105000 08:02 1842787                    /lib/x86_64-linux-gnu/libglib-2.0.so.0.4002.0
7f68ff1bd000-7f68ff1be000 rw-p 00106000 08:02 1842787                    /lib/x86_64-linux-gnu/libglib-2.0.so.0.4002.0
7f68ff1be000-7f68ff1bf000 rw-p 00000000 00:00 0 
7f68ff1bf000-7f68ff1c0000 r-xp 00000000 08:02 3030564                    /usr/lib/x86_64-linux-gnu/libgthread-2.0.so.0.4002.0
7f68ff1c0000-7f68ff3bf000 ---p 00001000 08:02 3030564                    /usr/lib/x86_64-linux-gnu/libgthread-2.0.so.0.4002.0
7f68ff3bf000-7f68ff3c0000 r--p 00000000 08:02 3030564                    /usr/lib/x86_64-linux-gnu/libgthread-2.0.so.0.4002.0
7f68ff3c0000-7f68ff3c1000 rw-p 00001000 08:02 3030564                    /usr/lib/x86_64-linux-gnu/libgthread-2.0.so.0.4002.0
7f68ff3c1000-7f68ff3c4000 r-xp 00000000 08:02 3030441                    /usr/lib/x86_64-linux-gnu/libgmodule-2.0.so.0.4002.0
7f68ff3c4000-7f68ff5c3000 ---p 00003000 08:02 3030441                    /usr/lib/x86_64-linux-gnu/libgmodule-2.0.so.0.4002.0
7f68ff5c3000-7f68ff5c4000 r--p 00002000 08:02 3030441                    /usr/lib/x86_64-linux-gnu/libgmodule-2.0.so.0.4002.0
7f68ff5c4000-7f68ff5c5000 rw-p 00003000 08:02 3030441                    /usr/lib/x86_64-linux-gnu/libgmodule-2.0.so.0.4002.0
7f68ff5c5000-7f68ff614000 r-xp 00000000 08:02 3030457                    /usr/lib/x86_64-linux-gnu/libgobject-2.0.so.0.4002.0
7f68ff614000-7f68ff814000 ---p 0004f000 08:02 3030457                    /usr/lib/x86_64-linux-gnu/libgobject-2.0.so.0.4002.0
7f68ff814000-7f68ff815000 r--p 0004f000 08:02 3030457                    /usr/lib/x86_64-linux-gnu/libgobject-2.0.so.0.4002.0
7f68ff815000-7f68ff816000 rw-p 00050000 08:02 3030457                    /usr/lib/x86_64-linux-gnu/libgobject-2.0.so.0.4002.0
7f68ff816000-7f68ff850000 r-xp 00000000 08:02 3030342                    /usr/lib/x86_64-linux-gnu/libfontconfig.so.1.8.0
7f68ff850000-7f68ffa4f000 ---p 0003a000 08:02 3030342                    /usr/lib/x86_64-linux-gnu/libfontconfig.so.1.8.0
7f68ffa4f000-7f68ffa51000 r--p 00039000 08:02 3030342                    /usr/lib/x86_64-linux-gnu/libfontconfig.so.1.8.0
7f68ffa51000-7f68ffa52000 rw-p 0003b000 08:02 3030342                    /usr/lib/x86_64-linux-gnu/libfontconfig.so.1.8.0
7f68ffa52000-7f68ffaef000 r-xp 00000000 08:02 3022702                    /usr/lib/x86_64-linux-gnu/libfreetype.so.6.11.1
7f68ffaef000-7f68ffcee000 ---p 0009d000 08:02 3022702                    /usr/lib/x86_64-linux-gnu/libfreetype.so.6.11.1
7f68ffcee000-7f68ffcf4000 r--p 0009c000 08:02 3022702                    /usr/lib/x86_64-linux-gnu/libfreetype.so.6.11.1
7f68ffcf4000-7f68ffcf5000 rw-p 000a2000 08:02 3022702                    /usr/lib/x86_64-linux-gnu/libfreetype.so.6.11.1
7f68ffcf5000-7f68ffdfb000 r-xp 00000000 08:02 3030177                    /usr/lib/x86_64-linux-gnu/libcairo.so.2.11301.0
7f68ffdfb000-7f68ffffa000 ---p 00106000 08:02 3030177                    /usr/lib/x86_64-linux-gnu/libcairo.so.2.11301.0
7f68ffffa000-7f68ffffd000 r--p 00105000 08:02 3030177                    /usr/lib/x86_64-linux-gnu/libcairo.so.2.11301.0
7f68ffffd000-7f68ffffe000 rw-p 00108000 08:02 3030177                    /usr/lib/x86_64-linux-gnu/libcairo.so.2.11301.0
7f68ffffe000-7f6900000000 rw-p 00000000 00:00 0 
7f6900000000-7f6900021000 rw-p 00000000 00:00 0 
7f6900021000-7f6904000000 ---p 00000000 00:00 0 
7f6904000000-7f6904291000 rw-p 00000000 00:00 0 
7f6904291000-7f6908000000 ---p 00000000 00:00 0 
7f6908000000-7f6908021000 rw-p 00000000 00:00 0 
7f6908021000-7f690c000000 ---p 00000000 00:00 0 
7f690c000000-7f690c021000 rw-p 00000000 00:00 0 
7f690c021000-7f6910000000 ---p 00000000 00:00 0 
7f6910000000-7f6910402000 rw-p 00000000 00:00 0 
7f6910402000-7f6914000000 ---p 00000000 00:00 0 
7f6914000000-7f6914458000 rw-p 00000000 00:00 0 
7f6914458000-7f6918000000 ---p 00000000 00:00 0 
7f6918000000-7f6918021000 rw-p 00000000 00:00 0 
7f6918021000-7f691c000000 ---p 00000000 00:00 0 
7f691c000000-7f691c913000 rw-p 00000000 00:00 0 
7f691c913000-7f6920000000 ---p 00000000 00:00 0 
7f6920000000-7f6920021000 rw-p 00000000 00:00 0 
7f6920021000-7f6924000000 ---p 00000000 00:00 0 
7f6924000000-7f6924021000 rw-p 00000000 00:00 0 
7f6924021000-7f6928000000 ---p 00000000 00:00 0 
7f6928000000-7f692828a000 rw-p 00000000 00:00 0 
7f692828a000-7f692c000000 ---p 00000000 00:00 0 
7f692c000000-7f692c02a000 r--p 00000000 08:02 141583                     /usr/share/locale-langpack/pl/LC_MESSAGES/gtk20-properties.mo
7f692c02a000-7f692c074000 r-xp 00000000 08:02 3030781                    /usr/lib/x86_64-linux-gnu/libpango-1.0.so.0.3600.3
7f692c074000-7f692c274000 ---p 0004a000 08:02 3030781                    /usr/lib/x86_64-linux-gnu/libpango-1.0.so.0.3600.3
7f692c274000-7f692c276000 r--p 0004a000 08:02 3030781                    /usr/lib/x86_64-linux-gnu/libpango-1.0.so.0.3600.3
7f692c276000-7f692c277000 rw-p 0004c000 08:02 3030781                    /usr/lib/x86_64-linux-gnu/libpango-1.0.so.0.3600.3
7f692c277000-7f692c282000 r-xp 00000000 08:02 3030783                    /usr/lib/x86_64-linux-gnu/libpangocairo-1.0.so.0.3600.3
7f692c282000-7f692c482000 ---p 0000b000 08:02 3030783                    /usr/lib/x86_64-linux-gnu/libpangocairo-1.0.so.0.3600.3
7f692c482000-7f692c483000 r--p 0000b000 08:02 3030783                    /usr/lib/x86_64-linux-gnu/libpangocairo-1.0.so.0.3600.3
7f692c483000-7f692c484000 rw-p 0000c000 08:02 3030783                    /usr/lib/x86_64-linux-gnu/libpangocairo-1.0.so.0.3600.3
7f692c484000-7f692c4a3000 r-xp 00000000 08:02 3030405                    /usr/lib/x86_64-linux-gnu/libgdk_pixbuf-2.0.so.0.3000.7
7f692c4a3000-7f692c6a3000 ---p 0001f000 08:02 3030405                    /usr/lib/x86_64-linux-gnu/libgdk_pixbuf-2.0.so.0.3000.7
7f692c6a3000-7f692c6a4000 r--p 0001f000 08:02 3030405                    /usr/lib/x86_64-linux-gnu/libgdk_pixbuf-2.0.so.0.3000.7
7f692c6a4000-7f692c6a5000 rw-p 00020000 08:02 3030405                    /usr/lib/x86_64-linux-gnu/libgdk_pixbuf-2.0.so.0.3000.7
7f692c6a5000-7f692c6b9000 r-xp 00000000 08:02 3030785                    /usr/lib/x86_64-linux-gnu/libpangoft2-1.0.so.0.3600.3
7f692c6b9000-7f692c8b8000 ---p 00014000 08:02 3030785                    /usr/lib/x86_64-linux-gnu/libpangoft2-1.0.so.0.3600.3
7f692c8b8000-7f692c8b9000 r--p 00013000 08:02 3030785                    /usr/lib/x86_64-linux-gnu/libpangoft2-1.0.so.0.3600.3
7f692c8b9000-7f692c8ba000 rw-p 00014000 08:02 3030785                    /usr/lib/x86_64-linux-gnu/libpangoft2-1.0.so.0.3600.3
7f692c8ba000-7f692ca26000 r-xp 00000000 08:02 3030429                    /usr/lib/x86_64-linux-gnu/libgio-2.0.so.0.4002.0
7f692ca26000-7f692cc25000 ---p 0016c000 08:02 3030429                    /usr/lib/x86_64-linux-gnu/libgio-2.0.so.0.4002.0
7f692cc25000-7f692cc29000 r--p 0016b000 08:02 3030429                    /usr/lib/x86_64-linux-gnu/libgio-2.0.so.0.4002.0
7f692cc29000-7f692cc2b000 rw-p 0016f000 08:02 3030429                    /usr/lib/x86_64-linux-gnu/libgio-2.0.so.0.4002.0
7f692cc2b000-7f692cc2d000 rw-p 00000000 00:00 0 
7f692cc2d000-7f692cc4c000 r-xp 00000000 08:02 3030138                    /usr/lib/x86_64-linux-gnu/libatk-1.0.so.0.21009.1
7f692cc4c000-7f692ce4c000 ---p 0001f000 08:02 3030138                    /usr/lib/x86_64-linux-gnu/libatk-1.0.so.0.21009.1
7f692ce4c000-7f692ce4e000 r--p 0001f000 08:02 3030138                    /usr/lib/x86_64-linux-gnu/libatk-1.0.so.0.21009.1
7f692ce4e000-7f692ce4f000 rw-p 00021000 08:02 3030138                    /usr/lib/x86_64-linux-gnu/libatk-1.0.so.0.21009.1
7f692ce4f000-7f692cefc000 r-xp 00000000 08:02 3022713                    /usr/lib/x86_64-linux-gnu/libgdk-x11-2.0.so.0.2400.23
7f692cefc000-7f692d0fb000 ---p 000ad000 08:02 3022713                    /usr/lib/x86_64-linux-gnu/libgdk-x11-2.0.so.0.2400.23
7f692d0fb000-7f692d0ff000 r--p 000ac000 08:02 3022713                    /usr/lib/x86_64-linux-gnu/libgdk-x11-2.0.so.0.2400.23
7f692d0ff000-7f692d101000 rw-p 000b0000 08:02 3022713                    /usr/lib/x86_64-linux-gnu/libgdk-x11-2.0.so.0.2400.23
7f692d101000-7f692d530000 r-xp 00000000 08:02 3022714                    /usr/lib/x86_64-linux-gnu/libgtk-x11-2.0.so.0.2400.23
7f692d530000-7f692d72f000 ---p 0042f000 08:02 3022714                    /usr/lib/x86_64-linux-gnu/libgtk-x11-2.0.so.0.2400.23
7f692d72f000-7f692d736000 r--p 0042e000 08:02 3022714                    /usr/lib/x86_64-linux-gnu/libgtk-x11-2.0.so.0.2400.23
7f692d736000-7f692d73a000 rw-p 00435000 08:02 3022714                    /usr/lib/x86_64-linux-gnu/libgtk-x11-2.0.so.0.2400.23
7f692d73a000-7f692d73d000 rw-p 00000000 00:00 0 
7f692d73d000-7f692d73e000 r--s 00000000 08:02 1707491                    /var/cache/fontconfig/56cf4f4769d0f4abc89a4895d7bd3ae1-le64.cache-4
7f692d73e000-7f692d73f000 r--s 00000000 08:02 1707503                    /var/cache/fontconfig/b9d506c9ac06c20b433354fa67a72993-le64.cache-4
7f692d73f000-7f692d764000 r--p 00000000 08:02 141763                     /usr/share/locale-langpack/pl/LC_MESSAGES/libc.mo
7f692d764000-7f692d770000 r-xp 00000000 08:02 3036467                    /usr/lib/jvm/java-8-oracle/jre/lib/amd64/libprism_es2.so
7f692d770000-7f692d96f000 ---p 0000c000 08:02 3036467                    /usr/lib/jvm/java-8-oracle/jre/lib/amd64/libprism_es2.so
7f692d96f000-7f692d970000 rw-p 0000b000 08:02 3036467                    /usr/lib/jvm/java-8-oracle/jre/lib/amd64/libprism_es2.so
7f692d970000-7f692d973000 ---p 00000000 00:00 0 
7f692d973000-7f692da71000 rw-p 00000000 00:00 0 
7f692da71000-7f692da74000 ---p 00000000 00:00 0 
7f692da74000-7f692dba3000 rw-p 00000000 00:00 0 
7f692dba3000-7f692dbb9000 r-xp 00000000 08:02 3036476                    /usr/lib/jvm/java-8-oracle/jre/lib/amd64/libnet.so
7f692dbb9000-7f692ddb9000 ---p 00016000 08:02 3036476                    /usr/lib/jvm/java-8-oracle/jre/lib/amd64/libnet.so
7f692ddb9000-7f692ddba000 rw-p 00016000 08:02 3036476                    /usr/lib/jvm/java-8-oracle/jre/lib/amd64/libnet.so
7f692ddba000-7f692de50000 r--s 01107000 08:02 3024764                    /usr/lib/jvm/java-8-oracle/jre/lib/ext/jfxrt.jar
7f692de50000-7f692de53000 ---p 00000000 00:00 0 
7f692de53000-7f692df51000 rw-p 00000000 00:00 0                          [stack:15074]
7f692df51000-7f692df52000 r-xp 00000000 08:02 548071                     /home/adam/idea-IU-141.1532.4/bin/libbreakgen64.so
7f692df52000-7f692e151000 ---p 00001000 08:02 548071                     /home/adam/idea-IU-141.1532.4/bin/libbreakgen64.so
7f692e151000-7f692e152000 r--p 00000000 08:02 548071                     /home/adam/idea-IU-141.1532.4/bin/libbreakgen64.so
7f692e152000-7f692e153000 rw-p 00001000 08:02 548071                     /home/adam/idea-IU-141.1532.4/bin/libbreakgen64.so
7f692e153000-7f692e167000 r--s 00129000 08:02 725472                     /home/adam/IdeaProjects/JFXApp/lib/jcodec-0.1.9.jar
7f692e167000-7f692e17a000 r--s 000d5000 08:02 3025004                    /usr/lib/jvm/java-8-oracle/jre/lib/plugin.jar
7f692e17a000-7f692e195000 r--s 001fc000 08:02 3024759                    /usr/lib/jvm/java-8-oracle/jre/lib/deploy.jar
7f692e195000-7f692e196000 ---p 00000000 00:00 0 
7f692e196000-7f692e296000 rw-p 00000000 00:00 0                          [stack:15072]
7f692e296000-7f692e299000 ---p 00000000 00:00 0 
7f692e299000-7f692e397000 rw-p 00000000 00:00 0                          [stack:15071]
7f692e397000-7f692e39a000 ---p 00000000 00:00 0 
7f692e39a000-7f692e498000 rw-p 00000000 00:00 0                          [stack:15065]
7f692e498000-7f692e49b000 ---p 00000000 00:00 0 
7f692e49b000-7f692e599000 rw-p 00000000 00:00 0                          [stack:15064]
7f692e599000-7f692e59c000 ---p 00000000 00:00 0 
7f692e59c000-7f692e69a000 rw-p 00000000 00:00 0                          [stack:15063]
7f692e69a000-7f692e69d000 ---p 00000000 00:00 0 
7f692e69d000-7f692e79b000 rw-p 00000000 00:00 0                          [stack:15062]
7f692e79b000-7f692efae000 r--p 00000000 08:02 3028696                    /usr/lib/locale/locale-archive
7f692efae000-7f692efb1000 ---p 00000000 00:00 0 
7f692efb1000-7f692f0af000 rw-p 00000000 00:00 0                          [stack:15058]
7f692f0af000-7f692f0b2000 ---p 00000000 00:00 0 
7f692f0b2000-7f692f1b0000 rw-p 00000000 00:00 0                          [stack:15057]
7f692f1b0000-7f692f1b1000 ---p 00000000 00:00 0 
7f692f1b1000-7f6930000000 rw-p 00000000 00:00 0                          [stack:15056]
7f6930000000-7f6930021000 rw-p 00000000 00:00 0 
7f6930021000-7f6934000000 ---p 00000000 00:00 0 
7f6934000000-7f693400f000 r--p 00000000 08:02 141714                     /usr/share/locale-langpack/pl/LC_MESSAGES/gtk20.mo
7f693400f000-7f6938000000 rw-p 00000000 00:00 0 
7f6938000000-7f6938021000 rw-p 00000000 00:00 0 
7f6938021000-7f693c000000 ---p 00000000 00:00 0 
7f693c000000-7f693c021000 rw-p 00000000 00:00 0 
7f693c021000-7f6940000000 ---p 00000000 00:00 0 
7f6940000000-7f6940021000 rw-p 00000000 00:00 0 
7f6940021000-7f6944000000 ---p 00000000 00:00 0 
7f6944000000-7f6944001000 r--s 00000000 08:02 1707480                    /var/cache/fontconfig/0c9eb80ebd1c36541ebe2852d3bb0c49-le64.cache-4
7f6944001000-7f6944002000 rw-s 00000000 00:05 2509477                    /drm mm object (deleted)
7f6944002000-7f694400a000 rw-s 00000000 00:05 2511252                    /drm mm object (deleted)
7f694400a000-7f694404c000 rw-p 00000000 00:00 0 
7f694404c000-7f6944224000 r--s 03d17000 08:02 3021068                    /usr/lib/jvm/java-8-oracle/jre/lib/rt.jar
7f6944224000-7f6944dfe000 rw-p 00000000 00:00 0 
7f6944dfe000-7f6944dff000 ---p 00000000 00:00 0 
7f6944dff000-7f6944eff000 rw-p 00000000 00:00 0                          [stack:15051]
7f6944eff000-7f6944f00000 ---p 00000000 00:00 0 
7f6944f00000-7f6945000000 rw-p 00000000 00:00 0                          [stack:15050]
7f6945000000-7f69455d0000 rwxp 00000000 00:00 0 
7f69455d0000-7f6954000000 ---p 00000000 00:00 0 
7f6954000000-7f6954227000 rw-p 00000000 00:00 0 
7f6954227000-7f6958000000 ---p 00000000 00:00 0 
7f6958000000-7f6958001000 r--s 00000000 00:17 2511263                    /run/user/1000/dconf/user
7f6958001000-7f6958002000 rw-s 00000000 00:05 2511253                    /drm mm object (deleted)
7f6958002000-7f6958009000 r--s 00000000 08:02 4422                       /usr/lib/x86_64-linux-gnu/gconv/gconv-modules.cache
7f6958009000-7f695801c000 r--s 00344000 08:02 3024758                    /usr/lib/jvm/java-8-oracle/jre/lib/resources.jar
7f695801c000-7f6958092000 rw-p 00000000 00:00 0 
7f6958092000-7f6958093000 ---p 00000000 00:00 0 
7f6958093000-7f6958193000 rw-p 00000000 00:00 0                          [stack:15049]
7f6958193000-7f6958194000 ---p 00000000 00:00 0 
7f6958194000-7f69582be000 rw-p 00000000 00:00 0                          [stack:15048]
7f69582be000-7f6958526000 ---p 00000000 00:00 0 
7f6958526000-7f6958550000 rw-p 00000000 00:00 0 
7f6958550000-7f69587b7000 ---p 00000000 00:00 0 
7f69587b7000-7f695884b000 rw-p 00000000 00:00 0 
7f695884b000-7f6958900000 ---p 00000000 00:00 0 
7f6958900000-7f6958919000 rw-p 00000000 00:00 0 
7f6958919000-7f6958cc1000 ---p 00000000 00:00 0 
7f6958cc1000-7f6958cdb000 r-xp 00000000 08:02 3031198                    /usr/lib/jvm/java-8-oracle/jre/lib/amd64/libzip.so
7f6958cdb000-7f6958edb000 ---p 0001a000 08:02 3031198                    /usr/lib/jvm/java-8-oracle/jre/lib/amd64/libzip.so
7f6958edb000-7f6958edc000 rw-p 0001a000 08:02 3031198                    /usr/lib/jvm/java-8-oracle/jre/lib/amd64/libzip.so
7f6958edc000-7f6958ee7000 r-xp 00000000 08:02 1843458                    /lib/x86_64-linux-gnu/libnss_files-2.19.so
7f6958ee7000-7f69590e6000 ---p 0000b000 08:02 1843458                    /lib/x86_64-linux-gnu/libnss_files-2.19.so
7f69590e6000-7f69590e7000 r--p 0000a000 08:02 1843458                    /lib/x86_64-linux-gnu/libnss_files-2.19.so
7f69590e7000-7f69590e8000 rw-p 0000b000 08:02 1843458                    /lib/x86_64-linux-gnu/libnss_files-2.19.so
7f69590e8000-7f69590f3000 r-xp 00000000 08:02 1843478                    /lib/x86_64-linux-gnu/libnss_nis-2.19.so
7f69590f3000-7f69592f2000 ---p 0000b000 08:02 1843478                    /lib/x86_64-linux-gnu/libnss_nis-2.19.so
7f69592f2000-7f69592f3000 r--p 0000a000 08:02 1843478                    /lib/x86_64-linux-gnu/libnss_nis-2.19.so
7f69592f3000-7f69592f4000 rw-p 0000b000 08:02 1843478                    /lib/x86_64-linux-gnu/libnss_nis-2.19.so
7f69592f4000-7f695930b000 r-xp 00000000 08:02 1843467                    /lib/x86_64-linux-gnu/libnsl-2.19.so
7f695930b000-7f695950a000 ---p 00017000 08:02 1843467                    /lib/x86_64-linux-gnu/libnsl-2.19.so
7f695950a000-7f695950b000 r--p 00016000 08:02 1843467                    /lib/x86_64-linux-gnu/libnsl-2.19.so
7f695950b000-7f695950c000 rw-p 00017000 08:02 1843467                    /lib/x86_64-linux-gnu/libnsl-2.19.so
7f695950c000-7f695950e000 rw-p 00000000 00:00 0 
7f695950e000-7f6959517000 r-xp 00000000 08:02 1843466                    /lib/x86_64-linux-gnu/libnss_compat-2.19.so
7f6959517000-7f6959716000 ---p 00009000 08:02 1843466                    /lib/x86_64-linux-gnu/libnss_compat-2.19.so
7f6959716000-7f6959717000 r--p 00008000 08:02 1843466                    /lib/x86_64-linux-gnu/libnss_compat-2.19.so
7f6959717000-7f6959718000 rw-p 00009000 08:02 1843466                    /lib/x86_64-linux-gnu/libnss_compat-2.19.so
7f6959718000-7f6959742000 r-xp 00000000 08:02 3036477                    /usr/lib/jvm/java-8-oracle/jre/lib/amd64/libjava.so
7f6959742000-7f6959942000 ---p 0002a000 08:02 3036477                    /usr/lib/jvm/java-8-oracle/jre/lib/amd64/libjava.so
7f6959942000-7f6959944000 rw-p 0002a000 08:02 3036477                    /usr/lib/jvm/java-8-oracle/jre/lib/amd64/libjava.so
7f6959944000-7f6959951000 r-xp 00000000 08:02 3036480                    /usr/lib/jvm/java-8-oracle/jre/lib/amd64/libverify.so
7f6959951000-7f6959b51000 ---p 0000d000 08:02 3036480                    /usr/lib/jvm/java-8-oracle/jre/lib/amd64/libverify.so
7f6959b51000-7f6959b53000 rw-p 0000d000 08:02 3036480                    /usr/lib/jvm/java-8-oracle/jre/lib/amd64/libverify.so
7f6959b53000-7f6959b5a000 r-xp 00000000 08:02 1843475                    /lib/x86_64-linux-gnu/librt-2.19.so
7f6959b5a000-7f6959d59000 ---p 00007000 08:02 1843475                    /lib/x86_64-linux-gnu/librt-2.19.so
7f6959d59000-7f6959d5a000 r--p 00006000 08:02 1843475                    /lib/x86_64-linux-gnu/librt-2.19.so
7f6959d5a000-7f6959d5b000 rw-p 00007000 08:02 1843475                    /lib/x86_64-linux-gnu/librt-2.19.so
7f6959d5b000-7f6959e60000 r-xp 00000000 08:02 1843457                    /lib/x86_64-linux-gnu/libm-2.19.so
7f6959e60000-7f695a05f000 ---p 00105000 08:02 1843457                    /lib/x86_64-linux-gnu/libm-2.19.so
7f695a05f000-7f695a060000 r--p 00104000 08:02 1843457                    /lib/x86_64-linux-gnu/libm-2.19.so
7f695a060000-7f695a061000 rw-p 00105000 08:02 1843457                    /lib/x86_64-linux-gnu/libm-2.19.so
7f695a061000-7f695ad1f000 r-xp 00000000 08:02 3036485                    /usr/lib/jvm/java-8-oracle/jre/lib/amd64/server/libjvm.so
7f695ad1f000-7f695af1e000 ---p 00cbe000 08:02 3036485                    /usr/lib/jvm/java-8-oracle/jre/lib/amd64/server/libjvm.so
7f695af1e000-7f695aff6000 rw-p 00cbd000 08:02 3036485                    /usr/lib/jvm/java-8-oracle/jre/lib/amd64/server/libjvm.so
7f695aff6000-7f695b03b000 rw-p 00000000 00:00 0 
7f695b03b000-7f695b1f6000 r-xp 00000000 08:02 1843472                    /lib/x86_64-linux-gnu/libc-2.19.so
7f695b1f6000-7f695b3f5000 ---p 001bb000 08:02 1843472                    /lib/x86_64-linux-gnu/libc-2.19.so
7f695b3f5000-7f695b3f9000 r--p 001ba000 08:02 1843472                    /lib/x86_64-linux-gnu/libc-2.19.so
7f695b3f9000-7f695b3fb000 rw-p 001be000 08:02 1843472                    /lib/x86_64-linux-gnu/libc-2.19.so
7f695b3fb000-7f695b400000 rw-p 00000000 00:00 0 
7f695b400000-7f695b403000 r-xp 00000000 08:02 1843461                    /lib/x86_64-linux-gnu/libdl-2.19.so
7f695b403000-7f695b602000 ---p 00003000 08:02 1843461                    /lib/x86_64-linux-gnu/libdl-2.19.so
7f695b602000-7f695b603000 r--p 00002000 08:02 1843461                    /lib/x86_64-linux-gnu/libdl-2.19.so
7f695b603000-7f695b604000 rw-p 00003000 08:02 1843461                    /lib/x86_64-linux-gnu/libdl-2.19.so
7f695b604000-7f695b619000 r-xp 00000000 08:02 3037830                    /usr/lib/jvm/java-8-oracle/lib/amd64/jli/libjli.so
7f695b619000-7f695b819000 ---p 00015000 08:02 3037830                    /usr/lib/jvm/java-8-oracle/lib/amd64/jli/libjli.so
7f695b819000-7f695b81a000 rw-p 00015000 08:02 3037830                    /usr/lib/jvm/java-8-oracle/lib/amd64/jli/libjli.so
7f695b81a000-7f695b833000 r-xp 00000000 08:02 1843473                    /lib/x86_64-linux-gnu/libpthread-2.19.so
7f695b833000-7f695ba32000 ---p 00019000 08:02 1843473                    /lib/x86_64-linux-gnu/libpthread-2.19.so
7f695ba32000-7f695ba33000 r--p 00018000 08:02 1843473                    /lib/x86_64-linux-gnu/libpthread-2.19.so
7f695ba33000-7f695ba34000 rw-p 00019000 08:02 1843473                    /lib/x86_64-linux-gnu/libpthread-2.19.so
7f695ba34000-7f695ba38000 rw-p 00000000 00:00 0 
7f695ba38000-7f695ba5b000 r-xp 00000000 08:02 1843469                    /lib/x86_64-linux-gnu/ld-2.19.so
7f695ba5b000-7f695ba61000 r--s 002f8000 08:02 3025005                    /usr/lib/jvm/java-8-oracle/jre/lib/charsets.jar
7f695ba61000-7f695bb2c000 rw-p 00000000 00:00 0 
7f695bb2c000-7f695bb2f000 ---p 00000000 00:00 0 
7f695bb2f000-7f695bc31000 rw-p 00000000 00:00 0                          [stack:15046]
7f695bc31000-7f695bc33000 r--s 00016000 08:02 711127                     /home/adam/idea-IU-141.1532.4/lib/idea_rt.jar
7f695bc33000-7f695bc35000 r--s 00004000 08:02 2327637                    /home/adam/Dokumenty/JFX3DModelImporters_EA_2014-02-09/jimStlMeshImporterJFX.jar
7f695bc35000-7f695bc3a000 r--s 00083000 08:02 3024782                    /usr/lib/jvm/java-8-oracle/jre/lib/jfr.jar
7f695bc3a000-7f695bc3e000 r--s 00095000 08:02 3024780                    /usr/lib/jvm/java-8-oracle/jre/lib/jsse.jar
7f695bc3e000-7f695bc3f000 r--s 00000000 08:02 3024779                    /usr/lib/jvm/java-8-oracle/jre/lib/management-agent.jar
7f695bc3f000-7f695bc41000 r--s 00007000 08:02 3024733                    /usr/lib/jvm/java-8-oracle/jre/lib/jfxswt.jar
7f695bc41000-7f695bc44000 r--s 0001a000 08:02 3024731                    /usr/lib/jvm/java-8-oracle/jre/lib/jce.jar
7f695bc44000-7f695bc4e000 r--s 0006b000 08:02 3021070                    /usr/lib/jvm/java-8-oracle/jre/lib/javaws.jar
7f695bc4e000-7f695bc56000 rw-s 00000000 08:02 2889879                    /tmp/hsperfdata_adam/15044
7f695bc56000-7f695bc57000 rw-p 00000000 00:00 0 
7f695bc57000-7f695bc58000 ---p 00000000 00:00 0 
7f695bc58000-7f695bc5a000 rw-p 00000000 00:00 0 
7f695bc5a000-7f695bc5b000 r--p 00022000 08:02 1843469                    /lib/x86_64-linux-gnu/ld-2.19.so
7f695bc5b000-7f695bc5c000 rw-p 00023000 08:02 1843469                    /lib/x86_64-linux-gnu/ld-2.19.so
7f695bc5c000-7f695bc5d000 rw-p 00000000 00:00 0 
7fff99723000-7fff99744000 rw-p 00000000 00:00 0                          [stack]
7fff997e7000-7fff997e9000 r--p 00000000 00:00 0                          [vvar]
7fff997e9000-7fff997eb000 r-xp 00000000 00:00 0                          [vdso]
ffffffffff600000-ffffffffff601000 r-xp 00000000 00:00 0                  [vsyscall]

VM Arguments:
jvm_args: -Didea.launcher.port=7534 -Didea.launcher.bin.path=/home/adam/idea-IU-141.1532.4/bin -Dfile.encoding=UTF-8 
java_command: com.intellij.rt.execution.application.AppMain sample.Main
java_class_path (initial): /usr/lib/jvm/java-8-oracle/jre/lib/rt.jar:/usr/lib/jvm/java-8-oracle/jre/lib/javaws.jar:/usr/lib/jvm/java-8-oracle/jre/lib/jce.jar:/usr/lib/jvm/java-8-oracle/jre/lib/jfxswt.jar:/usr/lib/jvm/java-8-oracle/jre/lib/resources.jar:/usr/lib/jvm/java-8-oracle/jre/lib/deploy.jar:/usr/lib/jvm/java-8-oracle/jre/lib/management-agent.jar:/usr/lib/jvm/java-8-oracle/jre/lib/jsse.jar:/usr/lib/jvm/java-8-oracle/jre/lib/jfr.jar:/usr/lib/jvm/java-8-oracle/jre/lib/plugin.jar:/usr/lib/jvm/java-8-oracle/jre/lib/charsets.jar:/usr/lib/jvm/java-8-oracle/jre/lib/ext/dnsns.jar:/usr/lib/jvm/java-8-oracle/jre/lib/ext/sunec.jar:/usr/lib/jvm/java-8-oracle/jre/lib/ext/nashorn.jar:/usr/lib/jvm/java-8-oracle/jre/lib/ext/sunjce_provider.jar:/usr/lib/jvm/java-8-oracle/jre/lib/ext/jfxrt.jar:/usr/lib/jvm/java-8-oracle/jre/lib/ext/cldrdata.jar:/usr/lib/jvm/java-8-oracle/jre/lib/ext/sunpkcs11.jar:/usr/lib/jvm/java-8-oracle/jre/lib/ext/localedata.jar:/usr/lib/jvm/java-8-oracle/jre/lib/ext/zipfs.jar:/home/adam/IdeaProjects/JFXApp/out/production/JFXApp:/home/adam/Dokumenty/JFX3DModelImporters_EA_2014-02-09/jimStlMeshImporterJFX.jar:/home/adam/IdeaProjects/JFXApp/lib/jcodec-0.1.9.jar:/home/adam/idea-IU-141.1532.4/lib/idea_rt.jar
Launcher Type: SUN_STANDARD

Environment Variables:
JAVA_HOME=/usr/lib/jvm/java-8-oracle
PATH=/usr/local/sbin:/usr/local/bin:/usr/sbin:/usr/bin:/sbin:/bin:/usr/games:/usr/local/games:/home/adam/idea-IU-141.1532.4/bin/:/home/adam/clion-1.0.4/bin/:/home/adam/WebStorm-141.1550/bin/:/home/adam/pycharm-4.5.2/bin/:/usr/lib/jvm/java-8-oracle/bin:/usr/lib/jvm/java-8-oracle/db/bin:/usr/lib/jvm/java-8-oracle/jre/bin
LD_LIBRARY_PATH=/home/adam/idea-IU-141.1532.4/bin:
SHELL=/bin/bash
DISPLAY=:0

Signal Handlers:
SIGSEGV: [libjvm.so+0xaba070], sa_mask[0]=11111111011111111101111111111110, sa_flags=SA_RESTART|SA_SIGINFO
SIGBUS: [libjvm.so+0xaba070], sa_mask[0]=11111111011111111101111111111110, sa_flags=SA_RESTART|SA_SIGINFO
SIGFPE: [libjvm.so+0x917630], sa_mask[0]=11111111011111111101111111111110, sa_flags=SA_RESTART|SA_SIGINFO
SIGPIPE: SIG_IGN, sa_mask[0]=00000000000010000000000000000000, sa_flags=SA_RESTART
SIGXFSZ: [libjvm.so+0x917630], sa_mask[0]=11111111011111111101111111111110, sa_flags=SA_RESTART|SA_SIGINFO
SIGILL: [libjvm.so+0x917630], sa_mask[0]=11111111011111111101111111111110, sa_flags=SA_RESTART|SA_SIGINFO
SIGUSR1: SIG_DFL, sa_mask[0]=00000000000000000000000000000000, sa_flags=none
SIGUSR2: [libjvm.so+0x918c60], sa_mask[0]=00100000000000000000000000000000, sa_flags=SA_RESTART|SA_SIGINFO
SIGHUP: [libjvm.so+0x91a060], sa_mask[0]=11111111011111111101111111111110, sa_flags=SA_RESTART|SA_SIGINFO
SIGINT: [libjvm.so+0x91a060], sa_mask[0]=11111111011111111101111111111110, sa_flags=SA_RESTART|SA_SIGINFO
SIGTERM: [libjvm.so+0x91a060], sa_mask[0]=11111111011111111101111111111110, sa_flags=SA_RESTART|SA_SIGINFO
SIGQUIT: [libjvm.so+0x91a060], sa_mask[0]=11111111011111111101111111111110, sa_flags=SA_RESTART|SA_SIGINFO


---------------  S Y S T E M  ---------------

OS:DISTRIB_ID=Ubuntu
DISTRIB_RELEASE=14.04
DISTRIB_CODENAME=trusty
DISTRIB_DESCRIPTION="Ubuntu 14.04.3 LTS"

uname:Linux 4.1.3-040103-generic #201507220129 SMP Wed Jul 22 01:31:38 UTC 2015 x86_64
libc:glibc 2.19 NPTL 2.19 
rlimit: STACK 8192k, CORE 0k, NPROC 31469, NOFILE 4096, AS infinity
load average:3,46 3,15 3,13

/proc/meminfo:
MemTotal:        8076760 kB
MemFree:           54468 kB
MemAvailable:     247644 kB
Buffers:           19292 kB
Cached:          1523648 kB
SwapCached:            0 kB
Active:          6340536 kB
Inactive:        1382892 kB
Active(anon):    6239852 kB
Inactive(anon):  1294668 kB
Active(file):     100684 kB
Inactive(file):    88224 kB
Unevictable:         596 kB
Mlocked:             596 kB
SwapTotal:             0 kB
SwapFree:              0 kB
Dirty:              8008 kB
Writeback:             0 kB
AnonPages:       6180884 kB
Mapped:           691924 kB
Shmem:           1353684 kB
Slab:             102024 kB
SReclaimable:      46568 kB
SUnreclaim:        55456 kB
KernelStack:       19152 kB
PageTables:       107268 kB
NFS_Unstable:          0 kB
Bounce:                0 kB
WritebackTmp:          0 kB
CommitLimit:     4038380 kB
Committed_AS:   20714200 kB
VmallocTotal:   34359738367 kB
VmallocUsed:      365148 kB
VmallocChunk:   34358945788 kB
HardwareCorrupted:     0 kB
AnonHugePages:    972800 kB
CmaTotal:              0 kB
CmaFree:               0 kB
HugePages_Total:       0
HugePages_Free:        0
HugePages_Rsvd:        0
HugePages_Surp:        0
Hugepagesize:       2048 kB
DirectMap4k:      237008 kB
DirectMap2M:     8054784 kB


CPU:total 4 (2 cores per cpu, 2 threads per core) family 6 model 42 stepping 7, cmov, cx8, fxsr, mmx, sse, sse2, sse3, ssse3, sse4.1, sse4.2, popcnt, avx, aes, clmul, ht, tsc, tscinvbit

/proc/cpuinfo:
processor	: 0
vendor_id	: GenuineIntel
cpu family	: 6
model		: 42
model name	: Intel(R) Core(TM) i5-2450M CPU @ 2.50GHz
stepping	: 7
microcode	: 0x1a
cpu MHz		: 2199.902
cache size	: 3072 KB
physical id	: 0
siblings	: 4
core id		: 0
cpu cores	: 2
apicid		: 0
initial apicid	: 0
fpu		: yes
fpu_exception	: yes
cpuid level	: 13
wp		: yes
flags		: fpu vme de pse tsc msr pae mce cx8 apic sep mtrr pge mca cmov pat pse36 clflush dts acpi mmx fxsr sse sse2 ss ht tm pbe syscall nx rdtscp lm constant_tsc arch_perfmon pebs bts rep_good nopl xtopology nonstop_tsc aperfmperf eagerfpu pni pclmulqdq dtes64 monitor ds_cpl vmx est tm2 ssse3 cx16 xtpr pdcm pcid sse4_1 sse4_2 x2apic popcnt tsc_deadline_timer aes xsave avx lahf_lm ida arat epb pln pts dtherm tpr_shadow vnmi flexpriority ept vpid xsaveopt
bugs		:
bogomips	: 4988.59
clflush size	: 64
cache_alignment	: 64
address sizes	: 36 bits physical, 48 bits virtual
power management:

processor	: 1
vendor_id	: GenuineIntel
cpu family	: 6
model		: 42
model name	: Intel(R) Core(TM) i5-2450M CPU @ 2.50GHz
stepping	: 7
microcode	: 0x1a
cpu MHz		: 2182.421
cache size	: 3072 KB
physical id	: 0
siblings	: 4
core id		: 1
cpu cores	: 2
apicid		: 2
initial apicid	: 2
fpu		: yes
fpu_exception	: yes
cpuid level	: 13
wp		: yes
flags		: fpu vme de pse tsc msr pae mce cx8 apic sep mtrr pge mca cmov pat pse36 clflush dts acpi mmx fxsr sse sse2 ss ht tm pbe syscall nx rdtscp lm constant_tsc arch_perfmon pebs bts rep_good nopl xtopology nonstop_tsc aperfmperf eagerfpu pni pclmulqdq dtes64 monitor ds_cpl vmx est tm2 ssse3 cx16 xtpr pdcm pcid sse4_1 sse4_2 x2apic popcnt tsc_deadline_timer aes xsave avx lahf_lm ida arat epb pln pts dtherm tpr_shadow vnmi flexpriority ept vpid xsaveopt
bugs		:
bogomips	: 4988.59
clflush size	: 64
cache_alignment	: 64
address sizes	: 36 bits physical, 48 bits virtual
power management:

processor	: 2
vendor_id	: GenuineIntel
cpu family	: 6
model		: 42
model name	: Intel(R) Core(TM) i5-2450M CPU @ 2.50GHz
stepping	: 7
microcode	: 0x1a
cpu MHz		: 2214.550
cache size	: 3072 KB
physical id	: 0
siblings	: 4
core id		: 0
cpu cores	: 2
apicid		: 1
initial apicid	: 1
fpu		: yes
fpu_exception	: yes
cpuid level	: 13
wp		: yes
flags		: fpu vme de pse tsc msr pae mce cx8 apic sep mtrr pge mca cmov pat pse36 clflush dts acpi mmx fxsr sse sse2 ss ht tm pbe syscall nx rdtscp lm constant_tsc arch_perfmon pebs bts rep_good nopl xtopology nonstop_tsc aperfmperf eagerfpu pni pclmulqdq dtes64 monitor ds_cpl vmx est tm2 ssse3 cx16 xtpr pdcm pcid sse4_1 sse4_2 x2apic popcnt tsc_deadline_timer aes xsave avx lahf_lm ida arat epb pln pts dtherm tpr_shadow vnmi flexpriority ept vpid xsaveopt
bugs		:
bogomips	: 4988.59
clflush size	: 64
cache_alignment	: 64
address sizes	: 36 bits physical, 48 bits virtual
power management:

processor	: 3
vendor_id	: GenuineIntel
cpu family	: 6
model		: 42
model name	: Intel(R) Core(TM) i5-2450M CPU @ 2.50GHz
stepping	: 7
microcode	: 0x1a
cpu MHz		: 2214.648
cache size	: 3072 KB
physical id	: 0
siblings	: 4
core id		: 1
cpu cores	: 2
apicid		: 3
initial apicid	: 3
fpu		: yes
fpu_exception	: yes
cpuid level	: 13
wp		: yes
flags		: fpu vme de pse tsc msr pae mce cx8 apic sep mtrr pge mca cmov pat pse36 clflush dts acpi mmx fxsr sse sse2 ss ht tm pbe syscall nx rdtscp lm constant_tsc arch_perfmon pebs bts rep_good nopl xtopology nonstop_tsc aperfmperf eagerfpu pni pclmulqdq dtes64 monitor ds_cpl vmx est tm2 ssse3 cx16 xtpr pdcm pcid sse4_1 sse4_2 x2apic popcnt tsc_deadline_timer aes xsave avx lahf_lm ida arat epb pln pts dtherm tpr_shadow vnmi flexpriority ept vpid xsaveopt
bugs		:
bogomips	: 4988.59
clflush size	: 64
cache_alignment	: 64
address sizes	: 36 bits physical, 48 bits virtual
power management:



Memory: 4k page, physical 8076760k(56608k free), swap 0k(0k free)

vm_info: Java HotSpot(TM) 64-Bit Server VM (25.60-b23) for linux-amd64 JRE (1.8.0_60-b27), built on Aug  4 2015 12:19:40 by "java_re" with gcc 4.3.0 20080428 (Red Hat 4.3.0-8)

time: Mon Aug 24 12:31:04 2015
elapsed time: 27 seconds (0d 0h 0m 27s)

